###############################################################################
#
# IAR C/C++ Compiler V7.10.6.1378 for Atmel AVR           09/Aug/2022  02:57:02
# Copyright 1996-2018 IAR Systems AB.
#
#    Source file  =  D:\Projects\CautoProjects\PSS48\PSS48\src\DataBase.cpp
#    Command line =  
#        -f C:\Users\ghost\AppData\Local\Temp\EWCF85.tmp
#        (--string_literals_in_flash
#        D:\Projects\CautoProjects\PSS48\PSS48\src\DataBase.cpp --cpu=m128a -ms
#        -o D:\Projects\CautoProjects\PSS48\PSS48\Debug\Obj -lC
#        D:\Projects\CautoProjects\PSS48\PSS48\Debug\List -lB
#        D:\Projects\CautoProjects\PSS48\PSS48\Debug\List -y
#        --initializers_in_flash --root_variables --no_cse --no_inline
#        --no_code_motion --no_cross_call --no_clustering --no_tbaa --debug
#        -DENABLE_BIT_DEFINITIONS -e -I
#        D:\Projects\CautoProjects\PSS48\PSS48\include\ -I
#        D:\Projects\CautoProjects\PSS48\PSS48\Modbus\ --eeprom_size 4096
#        --dlib --dlib_config "C:\Program Files (x86)\IAR Systems\Embedded
#        Workbench 8.0\avr\LIB\DLIB\dlAVR-3s-ec_mul-n.h" -On --eec++)
#    Locale       =  Russian_RUS.1251
#    List file    =  
#        D:\Projects\CautoProjects\PSS48\PSS48\Debug\List\DataBase.lst
#    Object file  =  
#        D:\Projects\CautoProjects\PSS48\PSS48\Debug\Obj\DataBase.r90
#
###############################################################################

D:\Projects\CautoProjects\PSS48\PSS48\src\DataBase.cpp
      1          //-----------------------------------------------------------------------------------------------------
      2          //  Sourse      : FileName.cpp
      3          //  Created     : 01.06.2022
      4          //  Author      : Alexandr Volvenkin
      5          //  email       : aav-36@mail.ru
      6          //  GitHub      : https://github.com/AlexandrVolvenkin
      7          //-----------------------------------------------------------------------------------------------------
      8          #include "DataBase.h"

   \                                 In  segment ABSOLUTE, at 0x9d, root
   \   union <unnamed> volatile __io _A_UCSR1C
   \                     _A_UCSR1C:
   \   00000000                      DS8 1

   \                                 In  segment ABSOLUTE, at 0x9c, root
   \   union <unnamed> volatile __io _A_UDR1
   \                     _A_UDR1:
   \   00000000                      DS8 1

   \                                 In  segment ABSOLUTE, at 0x9b, root
   \   union <unnamed> volatile __io _A_UCSR1A
   \                     _A_UCSR1A:
   \   00000000                      DS8 1

   \                                 In  segment ABSOLUTE, at 0x9a, root
   \   union <unnamed> volatile __io _A_UCSR1B
   \                     _A_UCSR1B:
   \   00000000                      DS8 1

   \                                 In  segment ABSOLUTE, at 0x99, root
   \   union <unnamed> volatile __io _A_UBRR1L
   \                     _A_UBRR1L:
   \   00000000                      DS8 1

   \                                 In  segment ABSOLUTE, at 0x98, root
   \   union <unnamed> volatile __io _A_UBRR1H
   \                     _A_UBRR1H:
   \   00000000                      DS8 1

   \                                 In  segment ABSOLUTE, at 0x95, root
   \   union <unnamed> volatile __io _A_UCSR0C
   \                     _A_UCSR0C:
   \   00000000                      DS8 1

   \                                 In  segment ABSOLUTE, at 0x90, root
   \   union <unnamed> volatile __io _A_UBRR0H
   \                     _A_UBRR0H:
   \   00000000                      DS8 1

   \                                 In  segment ABSOLUTE, at 0x8c, root
   \   union <unnamed> volatile __io _A_TCCR3C
   \                     _A_TCCR3C:
   \   00000000                      DS8 1

   \                                 In  segment ABSOLUTE, at 0x8b, root
   \   union <unnamed> volatile __io _A_TCCR3A
   \                     _A_TCCR3A:
   \   00000000                      DS8 1

   \                                 In  segment ABSOLUTE, at 0x8a, root
   \   union <unnamed> volatile __io _A_TCCR3B
   \                     _A_TCCR3B:
   \   00000000                      DS8 1

   \                                 In  segment ABSOLUTE, at 0x88, root
   \   union <unnamed> volatile __io _A_TCNT3
   \                     _A_TCNT3:
   \   00000000                      DS8 2

   \                                 In  segment ABSOLUTE, at 0x86, root
   \   union <unnamed> volatile __io _A_OCR3A
   \                     _A_OCR3A:
   \   00000000                      DS8 2

   \                                 In  segment ABSOLUTE, at 0x84, root
   \   union <unnamed> volatile __io _A_OCR3B
   \                     _A_OCR3B:
   \   00000000                      DS8 2

   \                                 In  segment ABSOLUTE, at 0x82, root
   \   union <unnamed> volatile __io _A_OCR3C
   \                     _A_OCR3C:
   \   00000000                      DS8 2

   \                                 In  segment ABSOLUTE, at 0x80, root
   \   union <unnamed> volatile __io _A_ICR3
   \                     _A_ICR3:
   \   00000000                      DS8 2

   \                                 In  segment ABSOLUTE, at 0x7d, root
   \   union <unnamed> volatile __io _A_ETIMSK
   \                     _A_ETIMSK:
   \   00000000                      DS8 1

   \                                 In  segment ABSOLUTE, at 0x7c, root
   \   union <unnamed> volatile __io _A_ETIFR
   \                     _A_ETIFR:
   \   00000000                      DS8 1

   \                                 In  segment ABSOLUTE, at 0x7a, root
   \   union <unnamed> volatile __io _A_TCCR1C
   \                     _A_TCCR1C:
   \   00000000                      DS8 1

   \                                 In  segment ABSOLUTE, at 0x78, root
   \   union <unnamed> volatile __io _A_OCR1C
   \                     _A_OCR1C:
   \   00000000                      DS8 2

   \                                 In  segment ABSOLUTE, at 0x74, root
   \   union <unnamed> volatile __io _A_TWCR
   \                     _A_TWCR:
   \   00000000                      DS8 1

   \                                 In  segment ABSOLUTE, at 0x73, root
   \   union <unnamed> volatile __io _A_TWDR
   \                     _A_TWDR:
   \   00000000                      DS8 1

   \                                 In  segment ABSOLUTE, at 0x72, root
   \   union <unnamed> volatile __io _A_TWAR
   \                     _A_TWAR:
   \   00000000                      DS8 1

   \                                 In  segment ABSOLUTE, at 0x71, root
   \   union <unnamed> volatile __io _A_TWSR
   \                     _A_TWSR:
   \   00000000                      DS8 1

   \                                 In  segment ABSOLUTE, at 0x70, root
   \   union <unnamed> volatile __io _A_TWBR
   \                     _A_TWBR:
   \   00000000                      DS8 1

   \                                 In  segment ABSOLUTE, at 0x6f, root
   \   union <unnamed> volatile __io _A_OSCCAL
   \                     _A_OSCCAL:
   \   00000000                      DS8 1

   \                                 In  segment ABSOLUTE, at 0x6d, root
   \   union <unnamed> volatile __io _A_XMCRA
   \                     _A_XMCRA:
   \   00000000                      DS8 1

   \                                 In  segment ABSOLUTE, at 0x6c, root
   \   union <unnamed> volatile __io _A_XMCRB
   \                     _A_XMCRB:
   \   00000000                      DS8 1

   \                                 In  segment ABSOLUTE, at 0x6a, root
   \   union <unnamed> volatile __io _A_EICRA
   \                     _A_EICRA:
   \   00000000                      DS8 1

   \                                 In  segment ABSOLUTE, at 0x68, root
   \   union <unnamed> volatile __io _A_SPMCSR
   \                     _A_SPMCSR:
   \   00000000                      DS8 1

   \                                 In  segment ABSOLUTE, at 0x65, root
   \   union <unnamed> volatile __io _A_PORTG
   \                     _A_PORTG:
   \   00000000                      DS8 1

   \                                 In  segment ABSOLUTE, at 0x64, root
   \   union <unnamed> volatile __io _A_DDRG
   \                     _A_DDRG:
   \   00000000                      DS8 1

   \                                 In  segment ABSOLUTE, at 0x63, root
   \   union <unnamed> volatile __io _A_PING
   \                     _A_PING:
   \   00000000                      DS8 1

   \                                 In  segment ABSOLUTE, at 0x62, root
   \   union <unnamed> volatile __io _A_PORTF
   \                     _A_PORTF:
   \   00000000                      DS8 1

   \                                 In  segment ABSOLUTE, at 0x61, root
   \   union <unnamed> volatile __io _A_DDRF
   \                     _A_DDRF:
   \   00000000                      DS8 1

   \                                 In  segment ABSOLUTE, at 0x5f, root
   \   union <unnamed> volatile __io _A_SREG
   \                     _A_SREG:
   \   00000000                      DS8 1

   \                                 In  segment ABSOLUTE, at 0x5d, root
   \   union <unnamed> volatile __io _A_SP
   \                     _A_SP:
   \   00000000                      DS8 2

   \                                 In  segment ABSOLUTE, at 0x5c, root
   \   union <unnamed> volatile __io _A_XDIV
   \                     _A_XDIV:
   \   00000000                      DS8 1

   \                                 In  segment ABSOLUTE, at 0x5b, root
   \   union <unnamed> volatile __io _A_RAMPZ
   \                     _A_RAMPZ:
   \   00000000                      DS8 1

   \                                 In  segment ABSOLUTE, at 0x5a, root
   \   union <unnamed> volatile __io _A_EICRB
   \                     _A_EICRB:
   \   00000000                      DS8 1

   \                                 In  segment ABSOLUTE, at 0x59, root
   \   union <unnamed> volatile __io _A_EIMSK
   \                     _A_EIMSK:
   \   00000000                      DS8 1

   \                                 In  segment ABSOLUTE, at 0x58, root
   \   union <unnamed> volatile __io _A_EIFR
   \                     _A_EIFR:
   \   00000000                      DS8 1

   \                                 In  segment ABSOLUTE, at 0x57, root
   \   union <unnamed> volatile __io _A_TIMSK
   \                     _A_TIMSK:
   \   00000000                      DS8 1

   \                                 In  segment ABSOLUTE, at 0x56, root
   \   union <unnamed> volatile __io _A_TIFR
   \                     _A_TIFR:
   \   00000000                      DS8 1

   \                                 In  segment ABSOLUTE, at 0x55, root
   \   union <unnamed> volatile __io _A_MCUCR
   \                     _A_MCUCR:
   \   00000000                      DS8 1

   \                                 In  segment ABSOLUTE, at 0x54, root
   \   union <unnamed> volatile __io _A_MCUCSR
   \                     _A_MCUCSR:
   \   00000000                      DS8 1

   \                                 In  segment ABSOLUTE, at 0x53, root
   \   union <unnamed> volatile __io _A_TCCR0
   \                     _A_TCCR0:
   \   00000000                      DS8 1

   \                                 In  segment ABSOLUTE, at 0x52, root
   \   union <unnamed> volatile __io _A_TCNT0
   \                     _A_TCNT0:
   \   00000000                      DS8 1

   \                                 In  segment ABSOLUTE, at 0x51, root
   \   union <unnamed> volatile __io _A_OCR0
   \                     _A_OCR0:
   \   00000000                      DS8 1

   \                                 In  segment ABSOLUTE, at 0x50, root
   \   union <unnamed> volatile __io _A_ASSR
   \                     _A_ASSR:
   \   00000000                      DS8 1

   \                                 In  segment ABSOLUTE, at 0x4f, root
   \   union <unnamed> volatile __io _A_TCCR1A
   \                     _A_TCCR1A:
   \   00000000                      DS8 1

   \                                 In  segment ABSOLUTE, at 0x4e, root
   \   union <unnamed> volatile __io _A_TCCR1B
   \                     _A_TCCR1B:
   \   00000000                      DS8 1

   \                                 In  segment ABSOLUTE, at 0x4c, root
   \   union <unnamed> volatile __io _A_TCNT1
   \                     _A_TCNT1:
   \   00000000                      DS8 2

   \                                 In  segment ABSOLUTE, at 0x4a, root
   \   union <unnamed> volatile __io _A_OCR1A
   \                     _A_OCR1A:
   \   00000000                      DS8 2

   \                                 In  segment ABSOLUTE, at 0x48, root
   \   union <unnamed> volatile __io _A_OCR1B
   \                     _A_OCR1B:
   \   00000000                      DS8 2

   \                                 In  segment ABSOLUTE, at 0x46, root
   \   union <unnamed> volatile __io _A_ICR1
   \                     _A_ICR1:
   \   00000000                      DS8 2

   \                                 In  segment ABSOLUTE, at 0x45, root
   \   union <unnamed> volatile __io _A_TCCR2
   \                     _A_TCCR2:
   \   00000000                      DS8 1

   \                                 In  segment ABSOLUTE, at 0x44, root
   \   union <unnamed> volatile __io _A_TCNT2
   \                     _A_TCNT2:
   \   00000000                      DS8 1

   \                                 In  segment ABSOLUTE, at 0x43, root
   \   union <unnamed> volatile __io _A_OCR2
   \                     _A_OCR2:
   \   00000000                      DS8 1

   \                                 In  segment ABSOLUTE, at 0x42, root
   \   union <unnamed> volatile __io _A_OCDR
   \                     _A_OCDR:
   \   00000000                      DS8 1

   \                                 In  segment ABSOLUTE, at 0x41, root
   \   union <unnamed> volatile __io _A_WDTCR
   \                     _A_WDTCR:
   \   00000000                      DS8 1

   \                                 In  segment ABSOLUTE, at 0x40, root
   \   union <unnamed> volatile __io _A_SFIOR
   \                     _A_SFIOR:
   \   00000000                      DS8 1

   \                                 In  segment ABSOLUTE, at 0x3e, root
   \   union <unnamed> volatile __io _A_EEAR
   \                     _A_EEAR:
   \   00000000                      DS8 2

   \                                 In  segment ABSOLUTE, at 0x3d, root
   \   union <unnamed> volatile __io _A_EEDR
   \                     _A_EEDR:
   \   00000000                      DS8 1

   \                                 In  segment ABSOLUTE, at 0x3c, root
   \   union <unnamed> volatile __io _A_EECR
   \                     _A_EECR:
   \   00000000                      DS8 1

   \                                 In  segment ABSOLUTE, at 0x3b, root
   \   union <unnamed> volatile __io _A_PORTA
   \                     _A_PORTA:
   \   00000000                      DS8 1

   \                                 In  segment ABSOLUTE, at 0x3a, root
   \   union <unnamed> volatile __io _A_DDRA
   \                     _A_DDRA:
   \   00000000                      DS8 1

   \                                 In  segment ABSOLUTE, at 0x39, root
   \   union <unnamed> volatile __io _A_PINA
   \                     _A_PINA:
   \   00000000                      DS8 1

   \                                 In  segment ABSOLUTE, at 0x38, root
   \   union <unnamed> volatile __io _A_PORTB
   \                     _A_PORTB:
   \   00000000                      DS8 1

   \                                 In  segment ABSOLUTE, at 0x37, root
   \   union <unnamed> volatile __io _A_DDRB
   \                     _A_DDRB:
   \   00000000                      DS8 1

   \                                 In  segment ABSOLUTE, at 0x36, root
   \   union <unnamed> volatile __io _A_PINB
   \                     _A_PINB:
   \   00000000                      DS8 1

   \                                 In  segment ABSOLUTE, at 0x35, root
   \   union <unnamed> volatile __io _A_PORTC
   \                     _A_PORTC:
   \   00000000                      DS8 1

   \                                 In  segment ABSOLUTE, at 0x34, root
   \   union <unnamed> volatile __io _A_DDRC
   \                     _A_DDRC:
   \   00000000                      DS8 1

   \                                 In  segment ABSOLUTE, at 0x33, root
   \   union <unnamed> volatile __io _A_PINC
   \                     _A_PINC:
   \   00000000                      DS8 1

   \                                 In  segment ABSOLUTE, at 0x32, root
   \   union <unnamed> volatile __io _A_PORTD
   \                     _A_PORTD:
   \   00000000                      DS8 1

   \                                 In  segment ABSOLUTE, at 0x31, root
   \   union <unnamed> volatile __io _A_DDRD
   \                     _A_DDRD:
   \   00000000                      DS8 1

   \                                 In  segment ABSOLUTE, at 0x30, root
   \   union <unnamed> volatile __io _A_PIND
   \                     _A_PIND:
   \   00000000                      DS8 1

   \                                 In  segment ABSOLUTE, at 0x2f, root
   \   union <unnamed> volatile __io _A_SPDR
   \                     _A_SPDR:
   \   00000000                      DS8 1

   \                                 In  segment ABSOLUTE, at 0x2e, root
   \   union <unnamed> volatile __io _A_SPSR
   \                     _A_SPSR:
   \   00000000                      DS8 1

   \                                 In  segment ABSOLUTE, at 0x2d, root
   \   union <unnamed> volatile __io _A_SPCR
   \                     _A_SPCR:
   \   00000000                      DS8 1

   \                                 In  segment ABSOLUTE, at 0x2c, root
   \   union <unnamed> volatile __io _A_UDR0
   \                     _A_UDR0:
   \   00000000                      DS8 1

   \                                 In  segment ABSOLUTE, at 0x2b, root
   \   union <unnamed> volatile __io _A_UCSR0A
   \                     _A_UCSR0A:
   \   00000000                      DS8 1

   \                                 In  segment ABSOLUTE, at 0x2a, root
   \   union <unnamed> volatile __io _A_UCSR0B
   \                     _A_UCSR0B:
   \   00000000                      DS8 1

   \                                 In  segment ABSOLUTE, at 0x29, root
   \   union <unnamed> volatile __io _A_UBRR0L
   \                     _A_UBRR0L:
   \   00000000                      DS8 1

   \                                 In  segment ABSOLUTE, at 0x28, root
   \   union <unnamed> volatile __io _A_ACSR
   \                     _A_ACSR:
   \   00000000                      DS8 1

   \                                 In  segment ABSOLUTE, at 0x27, root
   \   union <unnamed> volatile __io _A_ADMUX
   \                     _A_ADMUX:
   \   00000000                      DS8 1

   \                                 In  segment ABSOLUTE, at 0x26, root
   \   union <unnamed> volatile __io _A_ADCSRA
   \                     _A_ADCSRA:
   \   00000000                      DS8 1

   \                                 In  segment ABSOLUTE, at 0x24, root
   \   union <unnamed> volatile __io _A_ADC
   \                     _A_ADC:
   \   00000000                      DS8 2

   \                                 In  segment ABSOLUTE, at 0x23, root
   \   union <unnamed> volatile __io _A_PORTE
   \                     _A_PORTE:
   \   00000000                      DS8 1

   \                                 In  segment ABSOLUTE, at 0x22, root
   \   union <unnamed> volatile __io _A_DDRE
   \                     _A_DDRE:
   \   00000000                      DS8 1

   \                                 In  segment ABSOLUTE, at 0x21, root
   \   union <unnamed> volatile __io _A_PINE
   \                     _A_PINE:
   \   00000000                      DS8 1

   \                                 In  segment ABSOLUTE, at 0x20, root
   \   union <unnamed> volatile __io _A_PINF
   \                     _A_PINF:
   \   00000000                      DS8 1

   \                                 In  segment CODE, align 2, keep-with-next
   \   __version_3 void CPlatform::WatchdogReset()
   \                     ??WatchdogReset:
   \   00000000   95A8               WDR
   \   00000002   9508               RET

   \                                 In  segment CODE, align 2, keep-with-next
   \   __version_3 uint8_t CDfa::GetFsmEvent()
   \                     ??GetFsmEvent:
   \   00000000   01F8               MOVW    R31:R30, R17:R16
   \   00000002   8104               LDD     R16, Z+4
   \   00000004   9508               RET
      9          #include "Platform.h"
     10          #include "Pss21.h"

  };
   ^
"D:\Projects\CautoProjects\PSS48\PSS48\Modbus\Modbus.h",184  Warning[Pe375]: 
          declaration requires a typedef name

  };
   ^
"D:\Projects\CautoProjects\PSS48\PSS48\Modbus\Modbus.h",216  Warning[Pe375]: 
          declaration requires a typedef name

   \                                 In  segment CODE, align 2, keep-with-next
   \   __version_3 void CPss21::SetErrorCode(uint8_t)
   \                     ??SetErrorCode:
   \   00000000   9300....           STS     ??m_uiErrorCode, R16
   \   00000004   9508               RET
     11          #include "DataStore.h"
     12          #include <cstddef>
     13          
     14          //-----------------------------------------------------------------------------------------------------
     15          // Основной блок БД прибора
     16          //#pragma location = 0x0200

   \                                 In  segment NEAR_F, align 1, keep-with-next, root
     17          TDataBase __flash DBMain =
   \                     DBMain:
   \   00000000   010200300000       DC8 2, 1, 48, 0, 0, 0, 0, 0, 0, 0, 0, 0, 0, 0, 0, 0, 0, 0, 0, 0
   \              000000000000
   \              000000000000
   \              0000        
   \   00000014   CF6B               DC16 53099
   \   00000016   2F0173080006       DC8 1, 47, 8, 115, 6, 0, 0
   \              00          
   \   0000001D   1B17               DC16 6935
   \   0000001F   000000000000       DC8 0, 0, 0, 0, 0, 0, 0, 0, 0, 0, 0, 0, 0, 0, 0, 0
   \              000000000000
   \              00000000    
   \   0000002F   0B40               DC16 2880
   \   00000031   010003020504       DC8 0, 1, 2, 3, 4, 5, 6, 7, 8, 9, 10, 11, 12, 13, 14, 15, 16, 17, 18
   \              070609080B0A
   \              0D0C0F0E1110
   \              12          
   \   00000044   141316151817       DC8 19, 20, 21, 22, 23, 24, 25, 26, 27, 28, 29, 30, 31, 32, 33, 34, 35
   \              1A191C1B1E1D
   \              201F222123  
   \   00000055   252427262928       DC8 36, 37, 38, 39, 40, 41, 42, 43, 44, 45, 46, 47, 255, 255, 255, 255
   \              2B2A2D2C2F2E
   \              FFFFFFFF    
   \   00000065   FFFFFFFFFFFF       DC8 255, 255, 255, 255, 255, 255, 255, 255, 255, 255, 255, 255, 255
   \              FFFFFFFFFFFF
   \              FF          
   \   00000072   FFFFFFFFFFFF       DC8 255, 255, 255, 255, 255, 255, 255, 255, 255, 255, 255, 255, 255
   \              FFFFFFFFFFFF
   \              FF          
   \   0000007F   FFFFFFFFFFFF       DC8 255, 255, 255, 255, 255, 255, 255, 255, 255, 255, 255, 255, 255
   \              FFFFFFFFFFFF
   \              FF          
   \   0000008C   FFFFFFFFFFFF       DC8 255, 255, 255, 255, 255, 255, 255, 255, 255, 255, 255, 255, 255
   \              FFFFFFFFFFFF
   \              FF          
   \   00000099   FFFFFFFFFFFF       DC8 255, 255, 255, 255, 255, 255, 255, 255, 255, 255, 255, 255, 255
   \              FFFFFFFFFFFF
   \              FF          
   \   000000A6   FFFFFFFFFFFF       DC8 255, 255, 255, 255, 255, 255, 255, 255, 255, 255, 255
   \              FFFFFFFFFF  
   \   000000B1   9EC2               DC16 40642
   \   000000B3   030303030303       DC8 3, 3, 3, 3, 3, 3, 3, 3, 3, 3, 3, 3, 3, 3, 3, 3, 3, 3, 3, 3, 3, 3, 3
   \              030303030303
   \              030303030303
   \              0303030303  
   \   000000CA   020302020202       DC8 3, 2, 2, 2, 2, 2, 2, 2, 2, 2, 2, 2, 2, 2, 2, 2, 2, 2, 2, 2, 2, 2, 2
   \              020202020202
   \              020202020202
   \              0202020202  
   \   000000E1   020202020202       DC8 2, 2, 2, 2, 2, 2, 2, 2, 2, 2, 2, 2, 2, 2, 2, 2, 2, 2
   \              020202020202
   \              020202020202
   \   000000F3   F746               DC16 63302
   \   000000F5   3E3E3E3E3C3C       DC8 62, 62, 62, 62, 60, 60, 60, 60, 255, 255, 255, 255, 255, 255, 255
   \              3C3CFFFFFFFF
   \              FFFFFF      
   \   00000104   FFFFFFFFFFFF       DC8 255, 255, 255, 255, 255, 255, 255, 255, 255
   \              FFFFFF      
   \   0000010D   6F4B               DC16 28491
   \   0000010F   020108042010       DC8 1, 2, 4, 8, 16, 32, 64, 128, 0, 0, 0, 0, 0, 0, 0, 0, 0, 0, 0, 0, 0
   \              804000000000
   \              000000000000
   \              000000      
   \   00000124   000000000000       DC8 0, 0, 0, 0, 0, 0, 0, 0, 0, 0, 0, 0, 0, 0, 0, 0, 0, 0, 0, 0, 0, 0, 0
   \              000000000000
   \              000000000000
   \              0000000000  
   \   0000013B   000000000000       DC8 0, 0, 0, 0, 0, 0, 0, 0, 0, 0, 0, 0, 0, 0, 0, 0, 0, 0, 0, 0, 0, 0, 0
   \              000000000000
   \              000000000000
   \              0000000000  
   \   00000152   000000000000       DC8 0, 0, 0, 0, 0, 0, 0, 0, 0, 0, 0, 0, 0, 0, 0, 0, 0, 0, 0, 0, 0, 0, 0
   \              000000000000
   \              000000000000
   \              0000000000  
   \   00000169   000000000000       DC8 0, 0, 0, 0, 0, 0, 0, 0, 0, 0, 0, 0, 0, 0, 0, 0, 0, 0, 0, 0, 0, 0, 0
   \              000000000000
   \              000000000000
   \              0000000000  
   \   00000180   000000000000       DC8 0, 0, 0, 0, 0, 0, 0, 0, 0, 0, 0, 0, 0, 0, 0
   \              000000000000
   \              000000      
   \   0000018F   69C6               DC16 27078
   \   00000191   010102             DC8 1, 1, 2
   \   00000194   0010               DC16 16
   \   00000196   002000             DC8 32, 0, 0
   \   00000199   0000               DC16 0
   \   0000019B   000000             DC8 0, 0, 0
   \   0000019E   0000               DC16 0
   \   000001A0   000000             DC8 0, 0, 0
   \   000001A3   0000               DC16 0
   \   000001A5   000000             DC8 0, 0, 0
   \   000001A8   0000               DC16 0
   \   000001AA   000000             DC8 0, 0, 0
   \   000001AD   0000               DC16 0
   \   000001AF   000000             DC8 0, 0, 0
   \   000001B2   0000               DC16 0
   \   000001B4   000000             DC8 0, 0, 0
   \   000001B7   0000               DC16 0
   \   000001B9   000000             DC8 0, 0, 0
   \   000001BC   0000               DC16 0
   \   000001BE   000000             DC8 0, 0, 0
   \   000001C1   0000               DC16 0
   \   000001C3   000000             DC8 0, 0, 0
   \   000001C6   0000               DC16 0
   \   000001C8   000000             DC8 0, 0, 0
   \   000001CB   0000               DC16 0
   \   000001CD   000000             DC8 0, 0, 0
   \   000001D0   0000               DC16 0
   \   000001D2   000000             DC8 0, 0, 0
   \   000001D5   0000               DC16 0
   \   000001D7   000000             DC8 0, 0, 0
   \   000001DA   0000               DC16 0
   \   000001DC   000000             DC8 0, 0, 0
   \   000001DF   0000               DC16 0
   \   000001E1   00                 DC8 0
   \   000001E2   0000               DC16 0
   \   000001E4   010105             DC8 1, 1, 5
   \   000001E7   0000               DC16 0
   \   000001E9   00FF00             DC8 255, 0, 0
   \   000001EC   0000               DC16 0
   \   000001EE   000000             DC8 0, 0, 0
   \   000001F1   0000               DC16 0
   \   000001F3   000000             DC8 0, 0, 0
   \   000001F6   0000               DC16 0
   \   000001F8   000000             DC8 0, 0, 0
   \   000001FB   0000               DC16 0
   \   000001FD   000000             DC8 0, 0, 0
   \   00000200   0000               DC16 0
   \   00000202   000000             DC8 0, 0, 0
   \   00000205   0000               DC16 0
   \   00000207   000000             DC8 0, 0, 0
   \   0000020A   0000               DC16 0
   \   0000020C   000000             DC8 0, 0, 0
   \   0000020F   0000               DC16 0
   \   00000211   000000             DC8 0, 0, 0
   \   00000214   0000               DC16 0
   \   00000216   000000             DC8 0, 0, 0
   \   00000219   0000               DC16 0
   \   0000021B   000000             DC8 0, 0, 0
   \   0000021E   0000               DC16 0
   \   00000220   000000             DC8 0, 0, 0
   \   00000223   0000               DC16 0
   \   00000225   000000             DC8 0, 0, 0
   \   00000228   0000               DC16 0
   \   0000022A   000000             DC8 0, 0, 0
   \   0000022D   0000               DC16 0
   \   0000022F   000000             DC8 0, 0, 0
   \   00000232   0000               DC16 0
   \   00000234   00                 DC8 0
   \   00000235   0000               DC16 0
   \   00000237   010105             DC8 1, 1, 5
   \   0000023A   0001               DC16 1
   \   0000023C   00FF00             DC8 255, 0, 0
   \   0000023F   0000               DC16 0
   \   00000241   000000             DC8 0, 0, 0
   \   00000244   0000               DC16 0
   \   00000246   000000             DC8 0, 0, 0
   \   00000249   0000               DC16 0
   \   0000024B   000000             DC8 0, 0, 0
   \   0000024E   0000               DC16 0
   \   00000250   000000             DC8 0, 0, 0
   \   00000253   0000               DC16 0
   \   00000255   000000             DC8 0, 0, 0
   \   00000258   0000               DC16 0
   \   0000025A   000000             DC8 0, 0, 0
   \   0000025D   0000               DC16 0
   \   0000025F   000000             DC8 0, 0, 0
   \   00000262   0000               DC16 0
   \   00000264   000000             DC8 0, 0, 0
   \   00000267   0000               DC16 0
   \   00000269   000000             DC8 0, 0, 0
   \   0000026C   0000               DC16 0
   \   0000026E   000000             DC8 0, 0, 0
   \   00000271   0000               DC16 0
   \   00000273   000000             DC8 0, 0, 0
   \   00000276   0000               DC16 0
   \   00000278   000000             DC8 0, 0, 0
   \   0000027B   0000               DC16 0
   \   0000027D   000000             DC8 0, 0, 0
   \   00000280   0000               DC16 0
   \   00000282   000000             DC8 0, 0, 0
   \   00000285   0000               DC16 0
   \   00000287   00                 DC8 0
   \   00000288   0000               DC16 0
   \   0000028A   000000000000       DC8 0, 0, 0, 0, 0, 0, 0, 0
   \              0000        
   \   00000292   0000               DC16 0
     18          {
     19              {
     20                  2,1,48,false,false,0,{ 0,0,0,0,0,0,0,0,0,0,0,0,0,0 }
     21              },0xCF6B,
     22          
     23              {
     24                  1,47,BIT(USBS1),0x73,BIT(CS02)|BIT(CS01),0x00,0x00
     25              },0x1B17,
     26          
     27              {
     28                  0x00,0x00,0x00,0x00,0x00,0x00,0x00,0x00,
     29                  0x00,0x00,0x00,0x00,0x00,0x00,0x00,0x00
     30              },0x0B40,
     31          
     32              {
     33                  0, 1, 2, 3, 4, 5, 6, 7,
     34                  8, 9, 10, 11, 12, 13, 14, 15,
     35                  16, 17, 18, 19, 20, 21, 22, 23,
     36                  24, 25, 26, 27, 28, 29, 30, 31,
     37                  32, 33, 34, 35, 36, 37, 38, 39,
     38                  40, 41, 42, 43, 44, 45, 46, 47,
     39                  0xFF,0xFF,0xFF,0xFF,0xFF,0xFF,0xFF,0xFF,
     40                  0xFF,0xFF,0xFF,0xFF,0xFF,0xFF,0xFF,0xFF,
     41                  0xFF,0xFF,0xFF,0xFF,0xFF,0xFF,0xFF,0xFF,
     42                  0xFF,0xFF,0xFF,0xFF,0xFF,0xFF,0xFF,0xFF,
     43                  0xFF,0xFF,0xFF,0xFF,0xFF,0xFF,0xFF,0xFF,
     44                  0xFF,0xFF,0xFF,0xFF,0xFF,0xFF,0xFF,0xFF,
     45                  0xFF,0xFF,0xFF,0xFF,0xFF,0xFF,0xFF,0xFF,
     46                  0xFF,0xFF,0xFF,0xFF,0xFF,0xFF,0xFF,0xFF,
     47                  0xFF,0xFF,0xFF,0xFF,0xFF,0xFF,0xFF,0xFF,
     48                  0xFF,0xFF,0xFF,0xFF,0xFF,0xFF,0xFF,0xFF
     49              },0x9EC2,
     50          
     51              {
     52                  0x03,0x03,0x03,0x03,0x03,0x03,0x03,0x03,
     53                  0x03,0x03,0x03,0x03,0x03,0x03,0x03,0x03,
     54                  0x03,0x03,0x03,0x03,0x03,0x03,0x03,0x03,
     55                  0x02,0x02,0x02,0x02,0x02,0x02,0x02,0x02,
     56                  0x02,0x02,0x02,0x02,0x02,0x02,0x02,0x02,
     57                  0x02,0x02,0x02,0x02,0x02,0x02,0x02,0x02,
     58                  0x02,0x02,0x02,0x02,0x02,0x02,0x02,0x02,
     59                  0x02,0x02,0x02,0x02,0x02,0x02,0x02,0x02
     60              },0xF746,
     61          
     62              {
     63                  { 0x3E,0x3E,0x3E,0x3E,0x3C,0x3C,0x3C,0x3C },
     64                  { 0xFF,0xFF,0xFF,0xFF,0xFF,0xFF,0xFF,0xFF },
     65                  { 0xFF,0xFF,0xFF,0xFF,0xFF,0xFF,0xFF,0xFF }
     66              },0x6F4B,
     67          
     68              {
     69                  0x01,0x02,0x04,0x08,0x10,0x20,0x40,0x80,
     70                  0x00,0x00,0x00,0x00,0x00,0x00,0x00,0x00,
     71                  0x00,0x00,0x00,0x00,0x00,0x00,0x00,0x00,
     72                  0x00,0x00,0x00,0x00,0x00,0x00,0x00,0x00,
     73                  0x00,0x00,0x00,0x00,0x00,0x00,0x00,0x00,
     74                  0x00,0x00,0x00,0x00,0x00,0x00,0x00,0x00,
     75                  0x00,0x00,0x00,0x00,0x00,0x00,0x00,0x00,
     76                  0x00,0x00,0x00,0x00,0x00,0x00,0x00,0x00,
     77                  0x00,0x00,0x00,0x00,0x00,0x00,0x00,0x00,
     78                  0x00,0x00,0x00,0x00,0x00,0x00,0x00,0x00,
     79                  0x00,0x00,0x00,0x00,0x00,0x00,0x00,0x00,
     80                  0x00,0x00,0x00,0x00,0x00,0x00,0x00,0x00,
     81                  0x00,0x00,0x00,0x00,0x00,0x00,0x00,0x00,
     82                  0x00,0x00,0x00,0x00,0x00,0x00,0x00,0x00,
     83                  0x00,0x00,0x00,0x00,0x00,0x00,0x00,0x00,
     84                  0x00,0x00,0x00,0x00,0x00,0x00,0x00,0x00,
     85              },0x69C6,
     86          
     87              {
     88                  1,
     89                  {
     90                      {
     91                          1,0x02,0x0010,0x20
     92                      },
     93                      {
     94                          0,0,0,0
     95                      },
     96                      {
     97                          0,0,0,0
     98                      },
     99                      {
    100                          0,0,0,0
    101                      },
    102                      {
    103                          0,0,0,0
    104                      },
    105                      {
    106                          0,0,0,0
    107                      },
    108                      {
    109                          0,0,0,0
    110                      },
    111                      {
    112                          0,0,0,0
    113                      },
    114                      {
    115                          0,0,0,0
    116                      },
    117                      {
    118                          0,0,0,0
    119                      },
    120                      {
    121                          0,0,0,0
    122                      },
    123                      {
    124                          0,0,0,0
    125                      },
    126                      {
    127                          0,0,0,0
    128                      },
    129                      {
    130                          0,0,0,0
    131                      },
    132                      {
    133                          0,0,0,0
    134                      },
    135                      {
    136                          0,0,0,0
    137                      }
    138                  }
    139              },0x0000,
    140          
    141              {
    142                  1,
    143                  {
    144                      {
    145                          1,0x05,0x0000,0xFF
    146                      },
    147                      {
    148                          0,0,0,0
    149                      },
    150                      {
    151                          0,0,0,0
    152                      },
    153                      {
    154                          0,0,0,0
    155                      },
    156                      {
    157                          0,0,0,0
    158                      },
    159                      {
    160                          0,0,0,0
    161                      },
    162                      {
    163                          0,0,0,0
    164                      },
    165                      {
    166                          0,0,0,0
    167                      },
    168                      {
    169                          0,0,0,0
    170                      },
    171                      {
    172                          0,0,0,0
    173                      },
    174                      {
    175                          0,0,0,0
    176                      },
    177                      {
    178                          0,0,0,0
    179                      },
    180                      {
    181                          0,0,0,0
    182                      },
    183                      {
    184                          0,0,0,0
    185                      },
    186                      {
    187                          0,0,0,0
    188                      },
    189                      {
    190                          0,0,0,0
    191                      }
    192                  }
    193              },0x0000,
    194          
    195              {
    196                  1,
    197                  {
    198                      {
    199                          1,0x05,0x0001,0xFF
    200                      },
    201                      {
    202                          0,0,0,0
    203                      },
    204                      {
    205                          0,0,0,0
    206                      },
    207                      {
    208                          0,0,0,0
    209                      },
    210                      {
    211                          0,0,0,0
    212                      },
    213                      {
    214                          0,0,0,0
    215                      },
    216                      {
    217                          0,0,0,0
    218                      },
    219                      {
    220                          0,0,0,0
    221                      },
    222                      {
    223                          0,0,0,0
    224                      },
    225                      {
    226                          0,0,0,0
    227                      },
    228                      {
    229                          0,0,0,0
    230                      },
    231                      {
    232                          0,0,0,0
    233                      },
    234                      {
    235                          0,0,0,0
    236                      },
    237                      {
    238                          0,0,0,0
    239                      },
    240                      {
    241                          0,0,0,0
    242                      },
    243                      {
    244                          0,0,0,0
    245                      }
    246                  }
    247              },0x0000,
    248          
    249          //    { 1, { 1,0x02,0x0010,0x20 }},0xE223,
    250          //    { 1, { 1,0x05,0x0000,0xFF }},0x9C7B,
    251          //    { 1, { 1,0x05,0x0001,0xFF }},0x6CFB,
    252          
    253          
    254              false, {0,0,0,0,0,0,0},0x0000,
    255          };
    256          
    257          //-----------------------------------------------------------------------------------------------------

   \                                 In  segment NEAR_F, align 1, keep-with-next, root
    258          TDataStructure __flash CDataBase::DSTR[] =
   \                     ??DSTR:
   \   00000000   1400               DC8 0, 20
   \   00000002   0000               DC16 0
   \   00000004   0701               DC8 1, 7
   \   00000006   0016               DC16 22
   \   00000008   1002               DC8 2, 16
   \   0000000A   001F               DC16 31
   \   0000000C   8003               DC8 3, 128
   \   0000000E   0031               DC16 49
   \   00000010   4004               DC8 4, 64
   \   00000012   00B3               DC16 179
   \   00000014   1805               DC8 5, 24
   \   00000016   00F5               DC16 245
   \   00000018   8006               DC8 6, 128
   \   0000001A   010F               DC16 271
   \   0000001C   5107               DC8 7, 81
   \   0000001E   0191               DC16 401
   \   00000020   5108               DC8 8, 81
   \   00000022   01E4               DC16 484
   \   00000024   5109               DC8 9, 81
   \   00000026   0237               DC16 567
   \   00000028   080A               DC8 10, 8
   \   0000002A   028A               DC16 650
    259          {
    260              { 0, sizeof(DBMain.DevConfig),	  offsetof(TDataBase,DevConfig)	 	},
    261              { 1, sizeof(DBMain.MBSet),	  offsetof(TDataBase,MBSet)	 	},
    262              { 2, sizeof(DBMain.ActivityLevel),	  offsetof(TDataBase,ActivityLevel)		},
    263              { 3, sizeof(DBMain.AlarmWindowIndex),	  offsetof(TDataBase,AlarmWindowIndex)	 	},
    264              { 4, sizeof(DBMain.AlarmType), offsetof(TDataBase,AlarmType) 	},
    265              { 5, sizeof(DBMain.OutConfig),	  offsetof(TDataBase,OutConfig)  	},
    266              { 6, sizeof(DBMain.Relay),	  offsetof(TDataBase,Relay)       	},
    267              { 7, sizeof(DBMain.InputList),	  offsetof(TDataBase,InputList)  	},
    268              { 8, sizeof(DBMain.ReceiptList), offsetof(TDataBase,ReceiptList)	},
    269              { 9, sizeof(DBMain.UnsetList),	  offsetof(TDataBase,UnsetList)  	},
    270              { 10, sizeof(DBMain.DeviceState),	  offsetof(TDataBase,DeviceState)  	}
    271          };
    272          
    273          //-----------------------------------------------------------------------------------------------------

   \                                 In  segment NEAR_Z, align 1, keep-with-next, root
   \   00000000                      REQUIRE `?<Segment init: NEAR_Z>`
    274          uint8_t CDataBase::m_uiStatus;
   \                     ??m_uiStatus:
   \   00000000                      DS8 1

   \                                 In  segment NEAR_Z, align 1, keep-with-next, root
   \   00000000                      REQUIRE `?<Segment init: NEAR_Z>`
    275          TDataBase __farflash *CDataBase::m_pxDBase;
   \                     ??m_pxDBase:
   \   00000000                      DS8 3

   \                                 In  segment NEAR_Z, align 1, keep-with-next, root
   \   00000000                      REQUIRE `?<Segment init: NEAR_Z>`
    276          TDataStructure __farflash *CDataBase::m_pxDStruct;
   \                     ??m_pxDStruct:
   \   00000000                      DS8 3
    277          
    278          //-----------------------------------------------------------------------------------------------------

   \                                 In  segment CODE, align 2, keep-with-next
    279          CDataBase::CDataBase()
   \                     ??CDataBase:
    280          {
   \   00000000   ....               LDI     R18, LOW(??__vtbl_1)
   \   00000002   ....               LDI     R19, (??__vtbl_1) >> 8
   \   00000004   01F8               MOVW    R31:R30, R17:R16
   \   00000006   8320               ST      Z, R18
   \   00000008   8331               STD     Z+1, R19
    281          //    m_pxDataStore = new CDataStore();
    282          }
   \   0000000A   9508               RET
    283          
    284          //-----------------------------------------------------------------------------------------------------

   \                                 In  segment CODE, align 2, keep-with-next
    285          CDataBase::~CDataBase()
   \                     `?~CDataBase`:
    286          {
   \   00000000   939A               ST      -Y, R25
   \   00000002   938A               ST      -Y, R24
   \   00000004   01C8               MOVW    R25:R24, R17:R16
   \   00000006   2F08               MOV     R16, R24
   \   00000008   2B09               OR      R16, R25
   \   0000000A   F029               BREQ    `?~CDataBase_1`
   \   0000000C   FB20               BST     R18, 0
   \   0000000E   F41E               BRTC    `?~CDataBase_1`
    287          //    delete m_pxDataStore;
    288          }
   \   00000010   018C               MOVW    R17:R16, R25:R24
   \   00000012   ........           CALL    `??operator delete`
   \                     `?~CDataBase_1`:
   \   00000016   9189               LD      R24, Y+
   \   00000018   9199               LD      R25, Y+
   \   0000001A   9508               RET
    289          
    290          //-----------------------------------------------------------------------------------------------------

   \                                 In  segment CODE, align 2, keep-with-next
    291          uint8_t CDataBase::RestoreDefault(void)
   \                     ??RestoreDefault:
    292          {
   \   00000000   ........           CALL    ?PROLOGUE5_L09
   \   00000004                      REQUIRE ?Register_R4_is_cg_reg
    293              // Восстановим БД по умолчанию.
    294              uint8_t __farflash *puiDBase;
    295          
    296          //    CPss21::SetErrorCode(NO_ERROR);
    297              CPss21::m_xDataStore.Init();
   \   00000004   ....               LDI     R16, LOW(??m_xDataStore)
   \   00000006   ....               LDI     R17, (??m_xDataStore) >> 8
   \   00000008   ........           CALL    ??Init
    298          
    299              enum
    300              {
    301                  IDDLE = 0,
    302                  BLOCK_WRITE_START,
    303                  BLOCK_WRITE_END_WAITING,
    304                  BLOCK_ERROR,
    305                  ALL_BLOCKS_WRITED,
    306              };
    307          
    308              uint8_t uiBlockCounter = 0;
   \   0000000C   2444               CLR     R4
    309              uint8_t uiFsmState = BLOCK_WRITE_START;
   \   0000000E   E081               LDI     R24, 1
    310          
    311              while (1)
    312              {
    313                  switch (uiFsmState)
   \                     ??RestoreDefault_1:
   \   00000010   2F08               MOV     R16, R24
   \   00000012   5001               SUBI    R16, 1
   \   00000014   F049               BREQ    ??RestoreDefault_2
   \   00000016   950A               DEC     R16
   \   00000018   F1F1               BREQ    ??RestoreDefault_3
   \   0000001A   950A               DEC     R16
   \   0000001C   F409               BRNE    $+2+2
   \   0000001E   C04E               RJMP    ??RestoreDefault_4
   \   00000020   950A               DEC     R16
   \   00000022   F409               BRNE    $+2+2
   \   00000024   C049               RJMP    ??RestoreDefault_5
   \   00000026   C04C               RJMP    ??RestoreDefault_6
    314                  {
    315                  case BLOCK_WRITE_START:
    316                      // Записаны не все блоки?
    317                      if (uiBlockCounter < TDataBase::BLOCKS_QUANTITY)
   \                     ??RestoreDefault_2:
   \   00000028   E00B               LDI     R16, 11
   \   0000002A   1640               CP      R4, R16
   \   0000002C   F590               BRCC    ??RestoreDefault_7
    318                      {
    319                          // Получим указатель на блок БД во флеш.
    320                          puiDBase = &reinterpret_cast<__farflash uint8_t*>(m_pxDBase)[GetBlockOffset(uiBlockCounter)];
   \   0000002E   2D04               MOV     R16, R4
   \   00000030   ....               RCALL   ??GetBlockOffset
   \   00000032   ....               LDI     R30, LOW(??m_pxDBase)
   \   00000034   ....               LDI     R31, (??m_pxDBase) >> 8
   \   00000036   8140               LD      R20, Z
   \   00000038   8151               LDD     R21, Z+1
   \   0000003A   8162               LDD     R22, Z+2
   \   0000003C   0F40               ADD     R20, R16
   \   0000003E   1F51               ADC     R21, R17
   \   00000040   01DA               MOVW    R27:R26, R21:R20
   \   00000042   2F96               MOV     R25, R22
    321                          // Скопируем данные из флеш во временный буфер,
    322                          // чтобы передать их в функцию по обычному указателю, а не __farflash.
    323                          for (uint8_t i = 0; i < GetBlockLength(uiBlockCounter); i++)
   \   00000044   E040               LDI     R20, 0
   \                     ??RestoreDefault_8:
   \   00000046   2D04               MOV     R16, R4
   \   00000048   ....               RCALL   ??GetBlockLength
   \   0000004A   1740               CP      R20, R16
   \   0000004C   F470               BRCC    ??RestoreDefault_9
    324                          {
    325                              CPss21::m_auiIntermediateBuff[i] = puiDBase[i];
   \   0000004E   E050               LDI     R21, 0
   \   00000050   01FD               MOVW    R31:R30, R27:R26
   \   00000052   2F39               MOV     R19, R25
   \   00000054   0FE4               ADD     R30, R20
   \   00000056   1FF5               ADC     R31, R21
   \   00000058   BF3B               OUT     0x3B, R19
   \   0000005A   9106               ELPM    R16, Z
   \   0000005C   E050               LDI     R21, 0
   \   0000005E   01FA               MOVW    R31:R30, R21:R20
   \   00000060   ....               SUBI    R30, LOW((-(??m_auiIntermediateBuff) & 0xFFFF))
   \   00000062   ....               SBCI    R31, (-(??m_auiIntermediateBuff) & 0xFFFF) >> 8
   \   00000064   8300               ST      Z, R16
    326                          }
   \   00000066   9543               INC     R20
   \   00000068   CFEE               RJMP    ??RestoreDefault_8
    327          
    328                          // Поместим данные в хранилище.
    329                          // Блок БД принят к записи?
    330                          if (Write(CPss21::m_auiIntermediateBuff, GetBlockLength(uiBlockCounter), uiBlockCounter))
   \                     ??RestoreDefault_9:
   \   0000006A   2D04               MOV     R16, R4
   \   0000006C   ....               RCALL   ??GetBlockLength
   \   0000006E   2D44               MOV     R20, R4
   \   00000070   2F20               MOV     R18, R16
   \   00000072   E030               LDI     R19, 0
   \   00000074   ....               LDI     R16, LOW(??m_auiIntermediateBuff)
   \   00000076   ....               LDI     R17, (??m_auiIntermediateBuff) >> 8
   \   00000078   ....               RCALL   ??Write
   \   0000007A   2B01               OR      R16, R17
   \   0000007C   F011               BREQ    ??RestoreDefault_10
    331                          {
    332                              uiFsmState = BLOCK_WRITE_END_WAITING;
   \   0000007E   E082               LDI     R24, 2
   \   00000080   C01F               RJMP    ??RestoreDefault_6
    333                          }
    334                          // При записи блока БД произошла ошибка?
    335                          else if (CPss21::m_xDataStore.GetFsmEvent() == CDataStore::WRITE_ERROR_FSM_EVENT)
   \                     ??RestoreDefault_10:
   \   00000082   ....               LDI     R16, LOW(??m_xDataStore)
   \   00000084   ....               LDI     R17, (??m_xDataStore) >> 8
   \   00000086   ........           CALL    ??GetFsmEvent
   \   0000008A   3004               CPI     R16, 4
   \   0000008C   F4C9               BRNE    ??RestoreDefault_6
    336                          {
    337                              uiFsmState = BLOCK_ERROR;
   \   0000008E   E083               LDI     R24, 3
   \   00000090   C017               RJMP    ??RestoreDefault_6
    338                          }
    339                      }
    340                      else
    341                      {
    342                          uiFsmState = ALL_BLOCKS_WRITED;
   \                     ??RestoreDefault_7:
   \   00000092   E084               LDI     R24, 4
    343                      }
    344          
    345                      break;
   \   00000094   C015               RJMP    ??RestoreDefault_6
    346          
    347                  case BLOCK_WRITE_END_WAITING:
    348                      // Блок записан успешно?
    349                      if (CPss21::m_xDataStore.GetFsmEvent() == CDataStore::WRITE_OK_FSM_EVENT)
   \                     ??RestoreDefault_3:
   \   00000096   ....               LDI     R16, LOW(??m_xDataStore)
   \   00000098   ....               LDI     R17, (??m_xDataStore) >> 8
   \   0000009A   ........           CALL    ??GetFsmEvent
   \   0000009E   3003               CPI     R16, 3
   \   000000A0   F419               BRNE    ??RestoreDefault_11
    350                      {
    351                          uiBlockCounter++;
   \   000000A2   9443               INC     R4
    352                          uiFsmState = BLOCK_WRITE_START;
   \   000000A4   E081               LDI     R24, 1
   \   000000A6   C00C               RJMP    ??RestoreDefault_6
    353                      }
    354                      // При записи блока БД произошла ошибка?
    355                      else if (CPss21::m_xDataStore.GetFsmEvent() == CDataStore::WRITE_ERROR_FSM_EVENT)
   \                     ??RestoreDefault_11:
   \   000000A8   ....               LDI     R16, LOW(??m_xDataStore)
   \   000000AA   ....               LDI     R17, (??m_xDataStore) >> 8
   \   000000AC   ........           CALL    ??GetFsmEvent
   \   000000B0   3004               CPI     R16, 4
   \   000000B2   F431               BRNE    ??RestoreDefault_6
    356                      {
    357                          uiFsmState = BLOCK_ERROR;
   \   000000B4   E083               LDI     R24, 3
    358                      }
    359                      break;
   \   000000B6   C004               RJMP    ??RestoreDefault_6
    360          
    361                  case ALL_BLOCKS_WRITED:
    362                      return 1;
   \                     ??RestoreDefault_5:
   \   000000B8   E001               LDI     R16, 1
   \   000000BA   C00D               RJMP    ??RestoreDefault_12
    363                      break;
    364          
    365                  case BLOCK_ERROR:
    366                      return 0;
   \                     ??RestoreDefault_4:
   \   000000BC   E000               LDI     R16, 0
   \   000000BE   C00B               RJMP    ??RestoreDefault_12
    367                      break;
    368          
    369                  default:
    370                      break;
    371                  }
    372          
    373                  CPss21::m_xDataStore.Fsm();
   \                     ??RestoreDefault_6:
   \   000000C0   ....               LDI     R16, LOW(??m_xDataStore)
   \   000000C2   ....               LDI     R17, (??m_xDataStore) >> 8
   \   000000C4   ........           CALL    ??Fsm
    374          
    375                  delay_ms(10);
   \   000000C8   E00A               LDI     R16, 10
   \   000000CA   E010               LDI     R17, 0
   \   000000CC   ........           CALL    ??delay_ms
    376          
    377                  CPlatform::WatchdogReset();
   \   000000D0   ........           CALL    ??WatchdogReset
   \   000000D4   CF9D               RJMP    ??RestoreDefault_1
    378              }
   \                     ??RestoreDefault_12:
   \   000000D6   E0E5               LDI     R30, 5
   \   000000D8   ........           JMP     ?EPILOGUE_B5_L09
    379          }
    380          
    381          //-----------------------------------------------------------------------------------------------------

   \                                 In  segment CODE, align 2, keep-with-next
    382          bool CDataBase::IntegrityCheck(void)
   \                     ??IntegrityCheck:
    383          {
    384              // Все блоки принадлежат текущей базе данных?
    385              return CPss21::m_xDataStore.CompareCurrentWithStoredCrc();
   \   00000000   ....               LDI     R16, LOW(??m_xDataStore)
   \   00000002   ....               LDI     R17, (??m_xDataStore) >> 8
   \   00000004   ........           CALL    ??CompareCurrentWithStoredCrc
   \   00000008   9508               RET
    386          }
    387          
    388          //-----------------------------------------------------------------------------------------------------

   \                                 In  segment CODE, align 2, keep-with-next
    389          bool CDataBase::UserConfirmationCheck(void)
   \                     ??UserConfirmationCheck:
    390          {
    391              // База данных подтверждена пользователем?
    392              return CPss21::m_xDataStore.CrcOfBlocksCrcCheck();
   \   00000000   ....               LDI     R16, LOW(??m_xDataStore)
   \   00000002   ....               LDI     R17, (??m_xDataStore) >> 8
   \   00000004   ........           CALL    ??CrcOfBlocksCrcCheck
   \   00000008   9508               RET
    393          }
    394          
    395          //-----------------------------------------------------------------------------------------------------

   \                                 In  segment CODE, align 2, keep-with-next
    396          uint8_t CDataBase::Check(void)
   \                     ??Check:
    397          {
    398              m_pxDBase = &DBMain;
   \   00000000   ....               LDI     R16, LOW(DBMain)
   \   00000002   ....               LDI     R17, (DBMain) >> 8
   \   00000004   E020               LDI     R18, 0
   \   00000006   ....               LDI     R30, LOW(??m_pxDBase)
   \   00000008   ....               LDI     R31, (??m_pxDBase) >> 8
   \   0000000A   8300               ST      Z, R16
   \   0000000C   8311               STD     Z+1, R17
   \   0000000E   8322               STD     Z+2, R18
    399              m_pxDStruct = DSTR;
   \   00000010   ....               LDI     R16, LOW(??DSTR)
   \   00000012   ....               LDI     R17, (??DSTR) >> 8
   \   00000014   E020               LDI     R18, 0
   \   00000016   ....               LDI     R30, LOW(??m_pxDStruct)
   \   00000018   ....               LDI     R31, (??m_pxDStruct) >> 8
   \   0000001A   8300               ST      Z, R16
   \   0000001C   8311               STD     Z+1, R17
   \   0000001E   8322               STD     Z+2, R18
    400          
    401              CPss21::SetErrorCode(NO_ERROR);
   \   00000020   E000               LDI     R16, 0
   \   00000022   ........           CALL    ??SetErrorCode
    402              // Блоки базы данных не повреждены?
    403              if (CPss21::m_xDataStore.Check())
   \   00000026   ....               LDI     R16, LOW(??m_xDataStore)
   \   00000028   ....               LDI     R17, (??m_xDataStore) >> 8
   \   0000002A   ........           CALL    ??Check_1
   \   0000002E   2300               TST     R16
   \   00000030   F099               BREQ    ??Check_2
    404              {
    405                  // Все блоки принадлежат текущей базе данных?
    406                  if (IntegrityCheck())
   \   00000032   ....               RCALL   ??IntegrityCheck
   \   00000034   2300               TST     R16
   \   00000036   F051               BREQ    ??Check_3
    407                  {
    408                      // База данных подтверждена пользователем?
    409                      if (UserConfirmationCheck())
   \   00000038   ....               RCALL   ??UserConfirmationCheck
   \   0000003A   2300               TST     R16
   \   0000003C   F011               BREQ    ??Check_4
    410                      {
    411                          return 1;
   \   0000003E   E001               LDI     R16, 1
   \   00000040   9508               RET
    412                      }
    413                      else
    414                      {
    415                          CPss21::SetErrorCode(DB_ERROR);
   \                     ??Check_4:
   \   00000042   E004               LDI     R16, 4
   \   00000044   ........           CALL    ??SetErrorCode
    416                          return 0;
   \   00000048   E000               LDI     R16, 0
   \   0000004A   9508               RET
    417                      }
    418                  }
    419                  else
    420                  {
    421                      CPss21::SetErrorCode(DB_ERROR);
   \                     ??Check_3:
   \   0000004C   E004               LDI     R16, 4
   \   0000004E   ........           CALL    ??SetErrorCode
    422                      // Восстановим БД по умолчанию.
    423                      // БД по умолчанию восстановлена успешно?
    424                      RestoreDefault();
   \   00000052   ....               RCALL   ??RestoreDefault
    425                      return 0;
   \   00000054   E000               LDI     R16, 0
   \   00000056   9508               RET
    426                  }
    427              }
    428              else
    429              {
    430                  CPss21::SetErrorCode(DB_ERROR);
   \                     ??Check_2:
   \   00000058   E004               LDI     R16, 4
   \   0000005A   ........           CALL    ??SetErrorCode
    431                  // Восстановим БД по умолчанию.
    432                  // БД по умолчанию восстановлена успешно?
    433                  RestoreDefault();
   \   0000005E   ....               RCALL   ??RestoreDefault
    434                  return 0;
   \   00000060   E000               LDI     R16, 0
   \   00000062   9508               RET
    435              }
    436          }
    437          
    438          //-----------------------------------------------------------------------------------------------------

   \                                 In  segment CODE, align 2, keep-with-next
    439          uint16_t CDataBase::Read(uint8_t *puiDestination, uint8_t uiBlock)
   \                     ??Read:
    440          {
   \   00000000   ........           CALL    ?PROLOGUE3_L09
   \   00000004   01C8               MOVW    R25:R24, R17:R16
   \   00000006   2FA2               MOV     R26, R18
    441              return CPss21::m_xDataStore.ReadBlock(puiDestination,
    442                                                    uiBlock + (CDataStore::BLOCKS_CONTROL_DATA_BLOCK_NUMBER));
   \   00000008   2F4A               MOV     R20, R26
   \   0000000A   9543               INC     R20
   \   0000000C   019C               MOVW    R19:R18, R25:R24
   \   0000000E   ....               LDI     R16, LOW(??m_xDataStore)
   \   00000010   ....               LDI     R17, (??m_xDataStore) >> 8
   \   00000012   ........           CALL    ??ReadBlock
   \   00000016   E0E3               LDI     R30, 3
   \   00000018   ........           JMP     ?EPILOGUE_B3_L09
    443          }
    444          
    445          //-----------------------------------------------------------------------------------------------------

   \                                 In  segment CODE, align 2, keep-with-next
    446          uint16_t CDataBase::Write(uint8_t *puiSourse, uint16_t uiLength, uint8_t uiBlock)
   \                     ??Write:
    447          {
   \   00000000   ........           CALL    ?PROLOGUE5_L09
   \   00000004                      REQUIRE ?Register_R4_is_cg_reg
   \   00000004   01D8               MOVW    R27:R26, R17:R16
   \   00000006   01C9               MOVW    R25:R24, R19:R18
   \   00000008   2E44               MOV     R4, R20
    448              return CPss21::m_xDataStore.Write(puiSourse,
    449                                                uiLength,
    450                                                uiBlock + (CDataStore::BLOCKS_CONTROL_DATA_BLOCK_NUMBER));
   \   0000000A   2D64               MOV     R22, R4
   \   0000000C   9563               INC     R22
   \   0000000E   01AC               MOVW    R21:R20, R25:R24
   \   00000010   019D               MOVW    R19:R18, R27:R26
   \   00000012   ....               LDI     R16, LOW(??m_xDataStore)
   \   00000014   ....               LDI     R17, (??m_xDataStore) >> 8
   \   00000016   ........           CALL    ??Write_1
   \   0000001A   E010               LDI     R17, 0
   \   0000001C   E0E5               LDI     R30, 5
   \   0000001E   ........           JMP     ?EPILOGUE_B5_L09
    451          }
    452          
    453          //-----------------------------------------------------------------------------------------------------

   \                                 In  segment CODE, align 2, keep-with-next
    454          uint8_t CDataBase::GetBlockLength(uint8_t uiBlock)
   \                     ??GetBlockLength:
    455          {
   \   00000000   2F5B               MOV     R21, R27
   \   00000002   2F2A               MOV     R18, R26
    456              return m_pxDStruct[uiBlock].Size;
   \   00000004   E010               LDI     R17, 0
   \   00000006   0F00               LSL     R16
   \   00000008   1F11               ROL     R17
   \   0000000A   0F00               LSL     R16
   \   0000000C   1F11               ROL     R17
   \   0000000E   ....               LDI     R26, LOW(??m_pxDStruct)
   \   00000010   ....               LDI     R27, (??m_pxDStruct) >> 8
   \   00000012   91ED               LD      R30, X+
   \   00000014   91FD               LD      R31, X+
   \   00000016   913C               LD      R19, X
   \   00000018   9712               SBIW    R27:R26, 2
   \   0000001A   0FE0               ADD     R30, R16
   \   0000001C   1FF1               ADC     R31, R17
   \   0000001E   9631               ADIW    R31:R30, 1
   \   00000020   BF3B               OUT     0x3B, R19
   \   00000022   9106               ELPM    R16, Z
   \   00000024   9731               SBIW    R31:R30, 1
   \   00000026   2FA2               MOV     R26, R18
   \   00000028   2FB5               MOV     R27, R21
   \   0000002A   9508               RET
    457          }
    458          
    459          //-----------------------------------------------------------------------------------------------------

   \                                 In  segment CODE, align 2, keep-with-next
    460          uint16_t CDataBase::GetBlockOffset(uint8_t uiBlock)
   \                     ??GetBlockOffset:
    461          {
   \   00000000   2F5B               MOV     R21, R27
   \   00000002   2F2A               MOV     R18, R26
    462              return m_pxDStruct[uiBlock].Offset;
   \   00000004   E010               LDI     R17, 0
   \   00000006   0F00               LSL     R16
   \   00000008   1F11               ROL     R17
   \   0000000A   0F00               LSL     R16
   \   0000000C   1F11               ROL     R17
   \   0000000E   ....               LDI     R26, LOW(??m_pxDStruct)
   \   00000010   ....               LDI     R27, (??m_pxDStruct) >> 8
   \   00000012   91ED               LD      R30, X+
   \   00000014   91FD               LD      R31, X+
   \   00000016   913C               LD      R19, X
   \   00000018   9712               SBIW    R27:R26, 2
   \   0000001A   0FE0               ADD     R30, R16
   \   0000001C   1FF1               ADC     R31, R17
   \   0000001E   9632               ADIW    R31:R30, 2
   \   00000020   BF3B               OUT     0x3B, R19
   \   00000022   9107               ELPM    R16, Z+
   \   00000024   9116               ELPM    R17, Z
   \   00000026   9733               SBIW    R31:R30, 3
   \   00000028   2FA2               MOV     R26, R18
   \   0000002A   2FB5               MOV     R27, R21
   \   0000002C   9508               RET
    463          }

   \                                 In  segment CODE, align 2, keep-with-next
   \   __version_3 CDataBase &CDataBase::new CDataBase()
   \                     `??new CDataBase`:
   \   00000000   E002               LDI     R16, 2
   \   00000002   E010               LDI     R17, 0
   \   00000004   ........           CALL    `??operator new`
   \   00000008   2F20               MOV     R18, R16
   \   0000000A   2B21               OR      R18, R17
   \   0000000C   F011               BREQ    `??new CDataBase_1`
   \   0000000E   ....               RCALL   ??CDataBase
   \   00000010   9508               RET
   \                     `??new CDataBase_1`:
   \   00000012   E000               LDI     R16, 0
   \   00000014   E010               LDI     R17, 0
   \   00000016   9508               RET
    464          
    465          //-----------------------------------------------------------------------------------------------------

   Maximum stack usage in bytes:

   CSTACK RSTACK Function
   ------ ------ --------
      0      2   CDataBase::CDataBase()
      0      2   CDataBase::Check()
        0      2   -> CDataBase::IntegrityCheck()
        0      2   -> CDataBase::RestoreDefault()
        0      2   -> CDataBase::UserConfirmationCheck()
        0      2   -> CDataStore::Check()
        0      2   -> CPss21::SetErrorCode(uint8_t)
      0      2   CDataBase::GetBlockLength(uint8_t)
      0      2   CDataBase::GetBlockOffset(uint8_t)
      0      2   CDataBase::IntegrityCheck()
        0      2   -> CDataStore::CompareCurrentWithStoredCrc()
      3      2   CDataBase::Read(uint8_t *, uint8_t)
        3      2   -> CDataStore::ReadBlock(uint8_t *, uint8_t)
      5      2   CDataBase::RestoreDefault()
        5      2   -> CDataBase::GetBlockLength(uint8_t)
        5      2   -> CDataBase::GetBlockOffset(uint8_t)
        5      2   -> CDataBase::Write(uint8_t *, uint16_t, uint8_t)
        5      2   -> CDataStore::Fsm()
        5      2   -> CDataStore::Init()
        5      2   -> CDfa::GetFsmEvent()
        5      2   -> CPlatform::WatchdogReset()
        5      2   -> delay_ms(uint16_t)
      0      2   CDataBase::UserConfirmationCheck()
        0      2   -> CDataStore::CrcOfBlocksCrcCheck()
      5      2   CDataBase::Write(uint8_t *, uint16_t, uint8_t)
        5      2   -> CDataStore::Write(uint8_t *, uint16_t, uint8_t)
      0      2   CDataBase::new CDataBase()
        0      2   -> CDataBase::CDataBase()
        0      2   -> operator new(unsigned int)
      2      2   CDataBase::~CDataBase()
        2      2   -> operator delete(void *)
      0      2   CDfa::GetFsmEvent()
      0      2   CPlatform::WatchdogReset()
      0      2   CPss21::SetErrorCode(uint8_t)


   Segment part sizes:

   Bytes  Function/Label
   -----  --------------
      12  CDataBase::CDataBase()
     100  CDataBase::Check()
      44  CDataBase::DSTR
      44  CDataBase::GetBlockLength(uint8_t)
      46  CDataBase::GetBlockOffset(uint8_t)
      10  CDataBase::IntegrityCheck()
      28  CDataBase::Read(uint8_t *, uint8_t)
     220  CDataBase::RestoreDefault()
      10  CDataBase::UserConfirmationCheck()
      34  CDataBase::Write(uint8_t *, uint16_t, uint8_t)
       3  CDataBase::m_pxDBase
       3  CDataBase::m_pxDStruct
       1  CDataBase::m_uiStatus
      24  CDataBase::new CDataBase()
      28  CDataBase::~CDataBase()
       6  CDfa::GetFsmEvent()
       4  CPlatform::WatchdogReset()
       6  CPss21::SetErrorCode(uint8_t)
     660  DBMain
       1  _A_ACSR
       2  _A_ADC
       1  _A_ADCSRA
       1  _A_ADMUX
       1  _A_ASSR
       1  _A_DDRA
       1  _A_DDRB
       1  _A_DDRC
       1  _A_DDRD
       1  _A_DDRE
       1  _A_DDRF
       1  _A_DDRG
       2  _A_EEAR
       1  _A_EECR
       1  _A_EEDR
       1  _A_EICRA
       1  _A_EICRB
       1  _A_EIFR
       1  _A_EIMSK
       1  _A_ETIFR
       1  _A_ETIMSK
       2  _A_ICR1
       2  _A_ICR3
       1  _A_MCUCR
       1  _A_MCUCSR
       1  _A_OCDR
       1  _A_OCR0
       2  _A_OCR1A
       2  _A_OCR1B
       2  _A_OCR1C
       1  _A_OCR2
       2  _A_OCR3A
       2  _A_OCR3B
       2  _A_OCR3C
       1  _A_OSCCAL
       1  _A_PINA
       1  _A_PINB
       1  _A_PINC
       1  _A_PIND
       1  _A_PINE
       1  _A_PINF
       1  _A_PING
       1  _A_PORTA
       1  _A_PORTB
       1  _A_PORTC
       1  _A_PORTD
       1  _A_PORTE
       1  _A_PORTF
       1  _A_PORTG
       1  _A_RAMPZ
       1  _A_SFIOR
       2  _A_SP
       1  _A_SPCR
       1  _A_SPDR
       1  _A_SPMCSR
       1  _A_SPSR
       1  _A_SREG
       1  _A_TCCR0
       1  _A_TCCR1A
       1  _A_TCCR1B
       1  _A_TCCR1C
       1  _A_TCCR2
       1  _A_TCCR3A
       1  _A_TCCR3B
       1  _A_TCCR3C
       1  _A_TCNT0
       2  _A_TCNT1
       1  _A_TCNT2
       2  _A_TCNT3
       1  _A_TIFR
       1  _A_TIMSK
       1  _A_TWAR
       1  _A_TWBR
       1  _A_TWCR
       1  _A_TWDR
       1  _A_TWSR
       1  _A_UBRR0H
       1  _A_UBRR0L
       1  _A_UBRR1H
       1  _A_UBRR1L
       1  _A_UCSR0A
       1  _A_UCSR0B
       1  _A_UCSR0C
       1  _A_UCSR1A
       1  _A_UCSR1B
       1  _A_UCSR1C
       1  _A_UDR0
       1  _A_UDR1
       1  _A_WDTCR
       1  _A_XDIV
       1  _A_XMCRA
       1  _A_XMCRB
      45  -- Other

 
 105 bytes in segment ABSOLUTE
 572 bytes in segment CODE
   7 bytes in segment INITTAB
 742 bytes in segment NEAR_F
   7 bytes in segment NEAR_Z
 
 1 296 bytes of CODE memory (+  25 bytes shared)
     7 bytes of DATA memory (+ 105 bytes shared)

Errors: none
Warnings: 2
