###############################################################################
#
# IAR C/C++ Compiler V7.10.6.1378 for Atmel AVR           09/Aug/2022  02:57:05
# Copyright 1996-2018 IAR Systems AB.
#
#    Source file  =  D:\Projects\CautoProjects\PSS48\PSS48\src\main.cpp
#    Command line =  
#        -f C:\Users\ghost\AppData\Local\Temp\EWD95D.tmp
#        (--string_literals_in_flash
#        D:\Projects\CautoProjects\PSS48\PSS48\src\main.cpp --cpu=m128a -ms -o
#        D:\Projects\CautoProjects\PSS48\PSS48\Debug\Obj -lC
#        D:\Projects\CautoProjects\PSS48\PSS48\Debug\List -lB
#        D:\Projects\CautoProjects\PSS48\PSS48\Debug\List -y
#        --initializers_in_flash --root_variables --no_cse --no_inline
#        --no_code_motion --no_cross_call --no_clustering --no_tbaa --debug
#        -DENABLE_BIT_DEFINITIONS -e -I
#        D:\Projects\CautoProjects\PSS48\PSS48\include\ -I
#        D:\Projects\CautoProjects\PSS48\PSS48\Modbus\ --eeprom_size 4096
#        --dlib --dlib_config "C:\Program Files (x86)\IAR Systems\Embedded
#        Workbench 8.0\avr\LIB\DLIB\dlAVR-3s-ec_mul-n.h" -On --eec++)
#    Locale       =  Russian_RUS.1251
#    List file    =  D:\Projects\CautoProjects\PSS48\PSS48\Debug\List\main.lst
#    Object file  =  D:\Projects\CautoProjects\PSS48\PSS48\Debug\Obj\main.r90
#
###############################################################################

D:\Projects\CautoProjects\PSS48\PSS48\src\main.cpp
      1          //-----------------------------------------------------------------------------------------------------
      2          //  Sourse      : FileName.cpp
      3          //  Created     : 01.06.2022
      4          //  Author      : Alexandr Volvenkin
      5          //  email       : aav-36@mail.ru
      6          //  GitHub      : https://github.com/AlexandrVolvenkin
      7          //-----------------------------------------------------------------------------------------------------
      8          #include "Platform.h"

   \                                 In  segment ABSOLUTE, at 0x9d, root
   \   union <unnamed> volatile __io _A_UCSR1C
   \                     _A_UCSR1C:
   \   00000000                      DS8 1

   \                                 In  segment ABSOLUTE, at 0x9c, root
   \   union <unnamed> volatile __io _A_UDR1
   \                     _A_UDR1:
   \   00000000                      DS8 1

   \                                 In  segment ABSOLUTE, at 0x9b, root
   \   union <unnamed> volatile __io _A_UCSR1A
   \                     _A_UCSR1A:
   \   00000000                      DS8 1

   \                                 In  segment ABSOLUTE, at 0x9a, root
   \   union <unnamed> volatile __io _A_UCSR1B
   \                     _A_UCSR1B:
   \   00000000                      DS8 1

   \                                 In  segment ABSOLUTE, at 0x99, root
   \   union <unnamed> volatile __io _A_UBRR1L
   \                     _A_UBRR1L:
   \   00000000                      DS8 1

   \                                 In  segment ABSOLUTE, at 0x98, root
   \   union <unnamed> volatile __io _A_UBRR1H
   \                     _A_UBRR1H:
   \   00000000                      DS8 1

   \                                 In  segment ABSOLUTE, at 0x95, root
   \   union <unnamed> volatile __io _A_UCSR0C
   \                     _A_UCSR0C:
   \   00000000                      DS8 1

   \                                 In  segment ABSOLUTE, at 0x90, root
   \   union <unnamed> volatile __io _A_UBRR0H
   \                     _A_UBRR0H:
   \   00000000                      DS8 1

   \                                 In  segment ABSOLUTE, at 0x8c, root
   \   union <unnamed> volatile __io _A_TCCR3C
   \                     _A_TCCR3C:
   \   00000000                      DS8 1

   \                                 In  segment ABSOLUTE, at 0x8b, root
   \   union <unnamed> volatile __io _A_TCCR3A
   \                     _A_TCCR3A:
   \   00000000                      DS8 1

   \                                 In  segment ABSOLUTE, at 0x8a, root
   \   union <unnamed> volatile __io _A_TCCR3B
   \                     _A_TCCR3B:
   \   00000000                      DS8 1

   \                                 In  segment ABSOLUTE, at 0x88, root
   \   union <unnamed> volatile __io _A_TCNT3
   \                     _A_TCNT3:
   \   00000000                      DS8 2

   \                                 In  segment ABSOLUTE, at 0x86, root
   \   union <unnamed> volatile __io _A_OCR3A
   \                     _A_OCR3A:
   \   00000000                      DS8 2

   \                                 In  segment ABSOLUTE, at 0x84, root
   \   union <unnamed> volatile __io _A_OCR3B
   \                     _A_OCR3B:
   \   00000000                      DS8 2

   \                                 In  segment ABSOLUTE, at 0x82, root
   \   union <unnamed> volatile __io _A_OCR3C
   \                     _A_OCR3C:
   \   00000000                      DS8 2

   \                                 In  segment ABSOLUTE, at 0x80, root
   \   union <unnamed> volatile __io _A_ICR3
   \                     _A_ICR3:
   \   00000000                      DS8 2

   \                                 In  segment ABSOLUTE, at 0x7d, root
   \   union <unnamed> volatile __io _A_ETIMSK
   \                     _A_ETIMSK:
   \   00000000                      DS8 1

   \                                 In  segment ABSOLUTE, at 0x7c, root
   \   union <unnamed> volatile __io _A_ETIFR
   \                     _A_ETIFR:
   \   00000000                      DS8 1

   \                                 In  segment ABSOLUTE, at 0x7a, root
   \   union <unnamed> volatile __io _A_TCCR1C
   \                     _A_TCCR1C:
   \   00000000                      DS8 1

   \                                 In  segment ABSOLUTE, at 0x78, root
   \   union <unnamed> volatile __io _A_OCR1C
   \                     _A_OCR1C:
   \   00000000                      DS8 2

   \                                 In  segment ABSOLUTE, at 0x74, root
   \   union <unnamed> volatile __io _A_TWCR
   \                     _A_TWCR:
   \   00000000                      DS8 1

   \                                 In  segment ABSOLUTE, at 0x73, root
   \   union <unnamed> volatile __io _A_TWDR
   \                     _A_TWDR:
   \   00000000                      DS8 1

   \                                 In  segment ABSOLUTE, at 0x72, root
   \   union <unnamed> volatile __io _A_TWAR
   \                     _A_TWAR:
   \   00000000                      DS8 1

   \                                 In  segment ABSOLUTE, at 0x71, root
   \   union <unnamed> volatile __io _A_TWSR
   \                     _A_TWSR:
   \   00000000                      DS8 1

   \                                 In  segment ABSOLUTE, at 0x70, root
   \   union <unnamed> volatile __io _A_TWBR
   \                     _A_TWBR:
   \   00000000                      DS8 1

   \                                 In  segment ABSOLUTE, at 0x6f, root
   \   union <unnamed> volatile __io _A_OSCCAL
   \                     _A_OSCCAL:
   \   00000000                      DS8 1

   \                                 In  segment ABSOLUTE, at 0x6d, root
   \   union <unnamed> volatile __io _A_XMCRA
   \                     _A_XMCRA:
   \   00000000                      DS8 1

   \                                 In  segment ABSOLUTE, at 0x6c, root
   \   union <unnamed> volatile __io _A_XMCRB
   \                     _A_XMCRB:
   \   00000000                      DS8 1

   \                                 In  segment ABSOLUTE, at 0x6a, root
   \   union <unnamed> volatile __io _A_EICRA
   \                     _A_EICRA:
   \   00000000                      DS8 1

   \                                 In  segment ABSOLUTE, at 0x68, root
   \   union <unnamed> volatile __io _A_SPMCSR
   \                     _A_SPMCSR:
   \   00000000                      DS8 1

   \                                 In  segment ABSOLUTE, at 0x65, root
   \   union <unnamed> volatile __io _A_PORTG
   \                     _A_PORTG:
   \   00000000                      DS8 1

   \                                 In  segment ABSOLUTE, at 0x64, root
   \   union <unnamed> volatile __io _A_DDRG
   \                     _A_DDRG:
   \   00000000                      DS8 1

   \                                 In  segment ABSOLUTE, at 0x63, root
   \   union <unnamed> volatile __io _A_PING
   \                     _A_PING:
   \   00000000                      DS8 1

   \                                 In  segment ABSOLUTE, at 0x62, root
   \   union <unnamed> volatile __io _A_PORTF
   \                     _A_PORTF:
   \   00000000                      DS8 1

   \                                 In  segment ABSOLUTE, at 0x61, root
   \   union <unnamed> volatile __io _A_DDRF
   \                     _A_DDRF:
   \   00000000                      DS8 1

   \                                 In  segment ABSOLUTE, at 0x5f, root
   \   union <unnamed> volatile __io _A_SREG
   \                     _A_SREG:
   \   00000000                      DS8 1

   \                                 In  segment ABSOLUTE, at 0x5d, root
   \   union <unnamed> volatile __io _A_SP
   \                     _A_SP:
   \   00000000                      DS8 2

   \                                 In  segment ABSOLUTE, at 0x5c, root
   \   union <unnamed> volatile __io _A_XDIV
   \                     _A_XDIV:
   \   00000000                      DS8 1

   \                                 In  segment ABSOLUTE, at 0x5b, root
   \   union <unnamed> volatile __io _A_RAMPZ
   \                     _A_RAMPZ:
   \   00000000                      DS8 1

   \                                 In  segment ABSOLUTE, at 0x5a, root
   \   union <unnamed> volatile __io _A_EICRB
   \                     _A_EICRB:
   \   00000000                      DS8 1

   \                                 In  segment ABSOLUTE, at 0x59, root
   \   union <unnamed> volatile __io _A_EIMSK
   \                     _A_EIMSK:
   \   00000000                      DS8 1

   \                                 In  segment ABSOLUTE, at 0x58, root
   \   union <unnamed> volatile __io _A_EIFR
   \                     _A_EIFR:
   \   00000000                      DS8 1

   \                                 In  segment ABSOLUTE, at 0x57, root
   \   union <unnamed> volatile __io _A_TIMSK
   \                     _A_TIMSK:
   \   00000000                      DS8 1

   \                                 In  segment ABSOLUTE, at 0x56, root
   \   union <unnamed> volatile __io _A_TIFR
   \                     _A_TIFR:
   \   00000000                      DS8 1

   \                                 In  segment ABSOLUTE, at 0x55, root
   \   union <unnamed> volatile __io _A_MCUCR
   \                     _A_MCUCR:
   \   00000000                      DS8 1

   \                                 In  segment ABSOLUTE, at 0x54, root
   \   union <unnamed> volatile __io _A_MCUCSR
   \                     _A_MCUCSR:
   \   00000000                      DS8 1

   \                                 In  segment ABSOLUTE, at 0x53, root
   \   union <unnamed> volatile __io _A_TCCR0
   \                     _A_TCCR0:
   \   00000000                      DS8 1

   \                                 In  segment ABSOLUTE, at 0x52, root
   \   union <unnamed> volatile __io _A_TCNT0
   \                     _A_TCNT0:
   \   00000000                      DS8 1

   \                                 In  segment ABSOLUTE, at 0x51, root
   \   union <unnamed> volatile __io _A_OCR0
   \                     _A_OCR0:
   \   00000000                      DS8 1

   \                                 In  segment ABSOLUTE, at 0x50, root
   \   union <unnamed> volatile __io _A_ASSR
   \                     _A_ASSR:
   \   00000000                      DS8 1

   \                                 In  segment ABSOLUTE, at 0x4f, root
   \   union <unnamed> volatile __io _A_TCCR1A
   \                     _A_TCCR1A:
   \   00000000                      DS8 1

   \                                 In  segment ABSOLUTE, at 0x4e, root
   \   union <unnamed> volatile __io _A_TCCR1B
   \                     _A_TCCR1B:
   \   00000000                      DS8 1

   \                                 In  segment ABSOLUTE, at 0x4c, root
   \   union <unnamed> volatile __io _A_TCNT1
   \                     _A_TCNT1:
   \   00000000                      DS8 2

   \                                 In  segment ABSOLUTE, at 0x4a, root
   \   union <unnamed> volatile __io _A_OCR1A
   \                     _A_OCR1A:
   \   00000000                      DS8 2

   \                                 In  segment ABSOLUTE, at 0x48, root
   \   union <unnamed> volatile __io _A_OCR1B
   \                     _A_OCR1B:
   \   00000000                      DS8 2

   \                                 In  segment ABSOLUTE, at 0x46, root
   \   union <unnamed> volatile __io _A_ICR1
   \                     _A_ICR1:
   \   00000000                      DS8 2

   \                                 In  segment ABSOLUTE, at 0x45, root
   \   union <unnamed> volatile __io _A_TCCR2
   \                     _A_TCCR2:
   \   00000000                      DS8 1

   \                                 In  segment ABSOLUTE, at 0x44, root
   \   union <unnamed> volatile __io _A_TCNT2
   \                     _A_TCNT2:
   \   00000000                      DS8 1

   \                                 In  segment ABSOLUTE, at 0x43, root
   \   union <unnamed> volatile __io _A_OCR2
   \                     _A_OCR2:
   \   00000000                      DS8 1

   \                                 In  segment ABSOLUTE, at 0x42, root
   \   union <unnamed> volatile __io _A_OCDR
   \                     _A_OCDR:
   \   00000000                      DS8 1

   \                                 In  segment ABSOLUTE, at 0x41, root
   \   union <unnamed> volatile __io _A_WDTCR
   \                     _A_WDTCR:
   \   00000000                      DS8 1

   \                                 In  segment ABSOLUTE, at 0x40, root
   \   union <unnamed> volatile __io _A_SFIOR
   \                     _A_SFIOR:
   \   00000000                      DS8 1

   \                                 In  segment ABSOLUTE, at 0x3e, root
   \   union <unnamed> volatile __io _A_EEAR
   \                     _A_EEAR:
   \   00000000                      DS8 2

   \                                 In  segment ABSOLUTE, at 0x3d, root
   \   union <unnamed> volatile __io _A_EEDR
   \                     _A_EEDR:
   \   00000000                      DS8 1

   \                                 In  segment ABSOLUTE, at 0x3c, root
   \   union <unnamed> volatile __io _A_EECR
   \                     _A_EECR:
   \   00000000                      DS8 1

   \                                 In  segment ABSOLUTE, at 0x3b, root
   \   union <unnamed> volatile __io _A_PORTA
   \                     _A_PORTA:
   \   00000000                      DS8 1

   \                                 In  segment ABSOLUTE, at 0x3a, root
   \   union <unnamed> volatile __io _A_DDRA
   \                     _A_DDRA:
   \   00000000                      DS8 1

   \                                 In  segment ABSOLUTE, at 0x39, root
   \   union <unnamed> volatile __io _A_PINA
   \                     _A_PINA:
   \   00000000                      DS8 1

   \                                 In  segment ABSOLUTE, at 0x38, root
   \   union <unnamed> volatile __io _A_PORTB
   \                     _A_PORTB:
   \   00000000                      DS8 1

   \                                 In  segment ABSOLUTE, at 0x37, root
   \   union <unnamed> volatile __io _A_DDRB
   \                     _A_DDRB:
   \   00000000                      DS8 1

   \                                 In  segment ABSOLUTE, at 0x36, root
   \   union <unnamed> volatile __io _A_PINB
   \                     _A_PINB:
   \   00000000                      DS8 1

   \                                 In  segment ABSOLUTE, at 0x35, root
   \   union <unnamed> volatile __io _A_PORTC
   \                     _A_PORTC:
   \   00000000                      DS8 1

   \                                 In  segment ABSOLUTE, at 0x34, root
   \   union <unnamed> volatile __io _A_DDRC
   \                     _A_DDRC:
   \   00000000                      DS8 1

   \                                 In  segment ABSOLUTE, at 0x33, root
   \   union <unnamed> volatile __io _A_PINC
   \                     _A_PINC:
   \   00000000                      DS8 1

   \                                 In  segment ABSOLUTE, at 0x32, root
   \   union <unnamed> volatile __io _A_PORTD
   \                     _A_PORTD:
   \   00000000                      DS8 1

   \                                 In  segment ABSOLUTE, at 0x31, root
   \   union <unnamed> volatile __io _A_DDRD
   \                     _A_DDRD:
   \   00000000                      DS8 1

   \                                 In  segment ABSOLUTE, at 0x30, root
   \   union <unnamed> volatile __io _A_PIND
   \                     _A_PIND:
   \   00000000                      DS8 1

   \                                 In  segment ABSOLUTE, at 0x2f, root
   \   union <unnamed> volatile __io _A_SPDR
   \                     _A_SPDR:
   \   00000000                      DS8 1

   \                                 In  segment ABSOLUTE, at 0x2e, root
   \   union <unnamed> volatile __io _A_SPSR
   \                     _A_SPSR:
   \   00000000                      DS8 1

   \                                 In  segment ABSOLUTE, at 0x2d, root
   \   union <unnamed> volatile __io _A_SPCR
   \                     _A_SPCR:
   \   00000000                      DS8 1

   \                                 In  segment ABSOLUTE, at 0x2c, root
   \   union <unnamed> volatile __io _A_UDR0
   \                     _A_UDR0:
   \   00000000                      DS8 1

   \                                 In  segment ABSOLUTE, at 0x2b, root
   \   union <unnamed> volatile __io _A_UCSR0A
   \                     _A_UCSR0A:
   \   00000000                      DS8 1

   \                                 In  segment ABSOLUTE, at 0x2a, root
   \   union <unnamed> volatile __io _A_UCSR0B
   \                     _A_UCSR0B:
   \   00000000                      DS8 1

   \                                 In  segment ABSOLUTE, at 0x29, root
   \   union <unnamed> volatile __io _A_UBRR0L
   \                     _A_UBRR0L:
   \   00000000                      DS8 1

   \                                 In  segment ABSOLUTE, at 0x28, root
   \   union <unnamed> volatile __io _A_ACSR
   \                     _A_ACSR:
   \   00000000                      DS8 1

   \                                 In  segment ABSOLUTE, at 0x27, root
   \   union <unnamed> volatile __io _A_ADMUX
   \                     _A_ADMUX:
   \   00000000                      DS8 1

   \                                 In  segment ABSOLUTE, at 0x26, root
   \   union <unnamed> volatile __io _A_ADCSRA
   \                     _A_ADCSRA:
   \   00000000                      DS8 1

   \                                 In  segment ABSOLUTE, at 0x24, root
   \   union <unnamed> volatile __io _A_ADC
   \                     _A_ADC:
   \   00000000                      DS8 2

   \                                 In  segment ABSOLUTE, at 0x23, root
   \   union <unnamed> volatile __io _A_PORTE
   \                     _A_PORTE:
   \   00000000                      DS8 1

   \                                 In  segment ABSOLUTE, at 0x22, root
   \   union <unnamed> volatile __io _A_DDRE
   \                     _A_DDRE:
   \   00000000                      DS8 1

   \                                 In  segment ABSOLUTE, at 0x21, root
   \   union <unnamed> volatile __io _A_PINE
   \                     _A_PINE:
   \   00000000                      DS8 1

   \                                 In  segment ABSOLUTE, at 0x20, root
   \   union <unnamed> volatile __io _A_PINF
   \                     _A_PINF:
   \   00000000                      DS8 1
      9          #include "Timer.h"
     10          #include "Modbus.h"

  };
   ^
"D:\Projects\CautoProjects\PSS48\PSS48\Modbus\Modbus.h",184  Warning[Pe375]: 
          declaration requires a typedef name

  };
   ^
"D:\Projects\CautoProjects\PSS48\PSS48\Modbus\Modbus.h",216  Warning[Pe375]: 
          declaration requires a typedef name
     11          #include "ModbusRTU.h"
     12          #include "InputDevice.h"
     13          #include "Pss21.h"

   \                                 In  segment CODE, align 2, keep-with-next
   \   __version_3 void CPss21::SetFsmState(uint8_t)
   \                     ??SetFsmState:
   \   00000000   9300....           STS     ??m_uiFsmState, R16
   \   00000004   9508               RET
     14          #include "Mvsn21.h"
     15          #include "Buzzer.h"
     16          #include "DataStore.h"
     17          #include "Alarm.h"
     18          #include "HammingCodes.h"
     19          #include "NotifyerControl.h"
     20          
     21          
     22          //-----------------------------------------------------------------------------------------------------
     23          
     24          
     25          enum
     26          {
     27              MAIN_START,
     28              MAIN_FIRST_STEP,
     29              MAIN_SECOND_STEP,
     30              MAIN_THIRD_STEP,
     31              MAIN_FORTH_STEP,
     32              MAIN_THIRD_REBOOT,
     33              MAIN_STOP
     34          };
     35          
     36          //-----------------------------------------------------------------------------------------------------

   \                                 In  segment CODE, align 2, keep-with-next
     37          int main()
   \                     main:
     38          {
   \   00000000   938A               ST      -Y, R24
     39          //  test
     40          //  uint8_t uiData;
     41          //            uiData = i;
     42          //            uiData = m_axDiscreteSignals[i].GetAlarmType();
     43          //            uiData = m_axDiscreteSignals[i].GetAlarmState();
     44          //            uiData = m_axDiscreteSignals[i].GetAlarmWindowIndex();
     45          ////            m_aucRtuHoldingRegistersArray[5] = m_axAlarmWindowControl[i].GetAlarmType();
     46          //            uiData = m_axAlarmWindowControl[m_axDiscreteSignals[i].GetAlarmWindowIndex()].GetAlarmType();//m_axDiscreteSignals[i].GetAlarmWindowIndex();
     47          //
     48          ////            m_aucRtuHoldingRegistersArray[1] = i;
     49          ////            m_aucRtuHoldingRegistersArray[2] = m_axDiscreteSignals[i].GetAlarmType();
     50          ////            m_aucRtuHoldingRegistersArray[3] = m_axDiscreteSignals[i].GetAlarmState();
     51          ////            m_aucRtuHoldingRegistersArray[4] = m_axDiscreteSignals[i].GetAlarmWindowIndex();
     52          //            m_aucRtuHoldingRegistersArray[5] = m_axDiscreteSignals[i].GetAlarmState();
     53          //            m_aucRtuHoldingRegistersArray[6] = m_axAlarmWindowControl[m_axDiscreteSignals[i].GetAlarmWindowIndex()].GetAlarmType();//m_axDiscreteSignals[i].GetAlarmWindowIndex();
     54          //
     55          //            // Ňčď çŕďđîăđŕěěčđîâŕííîé ńčăíŕëčçŕöčč äčńęđĺňíîăî ńčăíŕëŕ čěĺĺň áîëĺĺ âűńîęčé ďđčîđčňĺň,
     56          //            // ÷ĺě ňčď îáůĺé ńčăíŕëčçŕöčč?
     57          //            if (m_uiCommonAlarmType != EMERGENCY)
     58          //            {
     59          //                // Óńňŕíîâčě ňčď îáůĺé ńčăíŕëčçŕöčţ.
     60          //                m_uiCommonAlarmType = m_axDiscreteSignals[i].GetAlarmState();
     61          //            }
     62          ////            CPss21::m_aucRtuHoldingRegistersArray[8 + i] = ((static_cast<uint16_t>(m_axAlarmWindowControl[i].GetActivityState()) << 8) | m_axAlarmWindowControl[i].GetAlarmType());
     63          //        CPss21::m_aucRtuHoldingRegistersArray[8 + i] = (i | (static_cast<uint16_t>(m_axDiscreteSignals[i].GetAlarmWindowIndex()) << 8));
     64          //        CPss21::m_aucRtuHoldingRegistersArray[8 + i] = ((static_cast<uint16_t>(i) << 8) | (static_cast<uint16_t>(m_axDiscreteSignals[i].GetAlarmWindowIndex()) & 0x00FF));
     65          
     66          //    uint8_t auiTestHamming[16] =
     67          //    {
     68          //        0, 1, 2, 3, 4, 5, 6, 7, 8, 9, 10, 11, 12, 13, 14, 15
     69          //    };
     70          //
     71          //    if (CDataStore::WriteAndCheck(auiTestHamming, (sizeof(auiTestHamming) - CDataStore::CRC_LENGTH), CDataStore::TEST_CONTEXT))
     72          //    {
     73          //        CDataStore::Read(auiTestHamming, CDataStore::TEST_CONTEXT);
     74          //    }
     75          //    else
     76          //    {
     77          //        CDataStore::Read(auiTestHamming, CDataStore::TEST_CONTEXT);
     78          //    }
     79          
     80          //    for (uint8_t i = 0;
     81          //            i < ALARM_WINDOWS_NUMBER;
     82          //            i++)
     83          //    {
     84          //        CPss21::m_aucRtuHoldingRegistersArray[8 + i] = ((static_cast<uint16_t>(m_axAlarmWindowControl[i].GetAlarmType()) << 8) | m_axAlarmWindowControl[i].GetActivityState());
     85          //    };
     86          
     87          
     88          //    struct TBlockPositionData
     89          //    {
     90          //        uint16_t uiOffset;
     91          //        uint16_t uiLength;
     92          //        uint16_t uiCrc;
     93          //    };
     94          //
     95          //    struct TBlocksControlData
     96          //    {
     97          //        uint16_t uiFileNumber;
     98          //        uint16_t uiCrc;
     99          //        TBlockPositionData axBlockPositionData[8];
    100          //    };
    101          //
    102          //    CDataStore xDataStore;
    103          
    104          //    for (uint16_t i = 0; i < 256; i++)
    105          //    {
    106          //        CEeprom::WriteByte(i, 0x00);
    107          //    }
    108          
    109          //        // Âîńńňŕíîâčě ÁÄ ďî óěîë÷ŕíčţ.
    110          //        for (uint8_t i = 0; i < 4; i++)
    111          //        {
    112          //            CPlatform::TxLedOn();//debag//
    113          //            delay_ms(200);
    114          //            CPlatform::TxLedOff();
    115          //            delay_ms(200);
    116          //        }
    117          //            delay_ms(2000);
    118          
    119          
    120              uint8_t uiNumber = 0;
   \   00000002   E080               LDI     R24, 0
    121              uiNumber = sizeof(struct CDevice);
   \   00000004   E084               LDI     R24, 4
    122              uiNumber = sizeof(struct CAlarmDfa);
   \   00000006   E086               LDI     R24, 6
    123              uiNumber = sizeof(struct CPss21);
   \   00000008   E081               LDI     R24, 1
    124              uiNumber = sizeof(struct CDataStore::TBlocksControlData);
   \   0000000A   E684               LDI     R24, 100
    125              uiNumber = CDataStore::BLOCKS_CONTROL_DATA_LENGTH;
   \   0000000C   E989               LDI     R24, 153
    126          
    127          
    128              extern TDataBase __flash DBMain;
    129              uiNumber = sizeof(DBMain.ReceiptList);
   \   0000000E   E581               LDI     R24, 81
    130              uiNumber = sizeof(DBMain.DeviceState);
   \   00000010   E088               LDI     R24, 8
    131          
    132          
    133          //    uint8_t auiTempArray[9];
    134          //    uint8_t auiCompareArray[9] = {0, 1, 2, 3, 4, 5, 6, 7, 8};
    135          //    uint8_t auiCompareArray2[9] = {0, 1, 2, 3, 4, 5, 7, 7, 8};
    136          //
    137          //    uint16_t uiLength = CHammingCodes::BytesToHammingCodes(CPss21::m_auiIntermediateBuff, auiCompareArray, 8);
    138          //    CHammingCodes::HammingCodesToBytes(auiTempArray, CPss21::m_auiIntermediateBuff, uiLength);
    139          //
    140          //    if (memcmp(auiTempArray, auiCompareArray, 8))
    141          //    {
    142          //        uiNumber = 0;
    143          //    }
    144          //    else
    145          //    {
    146          //        uiNumber = 1;
    147          //    }
    148          //
    149          //    if (memcmp(auiTempArray, auiCompareArray2, 8))
    150          //    {
    151          //        uiNumber = 0;
    152          //    }
    153          //    else
    154          //    {
    155          //        uiNumber = 1;
    156          //    }
    157          
    158          ////-----------------------------------------------------------------------------------------------------
    159          //
    160          //    uint16_t uiSize;
    161          //    uiSize = sizeof(struct TDataBase);
    162          //    uiSize = sizeof(struct TDevConfig);
    163          //    uiSize = sizeof(struct TMBusSetting);
    164          //    uiSize = sizeof(struct TOutputData);
    165          //    uiSize = sizeof(struct TMBMRequestList);
    166          
    167          //    CPss21::m_aucRtuCoilsArray[0] = 7;
    168          //    CPss21::m_aucRtuCoilsArray[1] = 0;
    169          //    CPss21::m_aucRtuCoilsArray[2] = 5;
    170          //    CPss21::m_aucRtuCoilsArray[3] = 0;
    171          //
    172          //    CPss21::m_aucRtuDiscreteInputsArray[0] = 7;
    173          //    CPss21::m_aucRtuDiscreteInputsArray[1] = 0;
    174          //
    175          //    CPss21::m_aucRtuHoldingRegistersArray[0] = 17;
    176          //    CPss21::m_aucRtuHoldingRegistersArray[1] = 0;
    177          //    CPss21::m_aucRtuHoldingRegistersArray[2] = 321;
    178          //    CPss21::m_aucRtuHoldingRegistersArray[3] = 48;
    179          //
    180          //    CPss21::m_aucRtuInputRegistersArray[0] = 0;
    181          //    CPss21::m_aucRtuInputRegistersArray[1] = 17;
    182          //    CPss21::m_aucRtuInputRegistersArray[2] = 256;
    183          //    CPss21::m_aucRtuInputRegistersArray[3] = 987;
    184          
    185          //    CUart xUart0(&UBRR0H, &UBRR0L, &UCSR0A, &UCSR0B, &UCSR0C, &UDR0, &DDRC, DDC7, &PORTC, PC7);
    186          //    CPlatform::m_pxUart0 = &xUart0;
    187          
    188          //-----------------------------------------------------------------------------------------------------
    189          
    190          ////    CPlatform::WatchdogEnable();
    191          //    CPlatform::Init();
    192          //    CBuzzer::Init();
    193          //    CDataBase::Init();
    194          //    CPss21::ConfigurationInit();
    195          //    CPss21::Init();
    196          //    CPlatform::InterruptEnable();
    197          ////    CTimer m_xMainCycleTimer(MAIN_CYCLE_PERIOD_TIME);
    198          ////    CTimer m_xPeripheryTimer(PERIPHERY_SCAN_TIME);
    199          //    CSpi::Init();
    200          //    CPss21::AddressBusInit();
    201          //    CPss21::SearchModules();
    202          //    CPss21::CreateDevices();
    203          //
    204          //    CPlatform::m_uiWatchDogStepID = 0;
    205          
    206              CPss21::SetFsmState(CPss21::START);
   \   00000012   E000               LDI     R16, 0
   \   00000014   ........           CALL    ??SetFsmState
    207          
    208              while(1)
    209              {
    210                  CPss21::MainFsm();
   \                     ??main_0:
   \   00000018   ........           CALL    ??MainFsm
   \   0000001C   CFFD               RJMP    ??main_0
    211              }
    212          
    213              return 0;
                     ^
Warning[Pe111]: statement is unreachable

      uint8_t uiNumber = 0;
              ^
"D:\Projects\CautoProjects\PSS48\PSS48\src\main.cpp",120  Warning[Pe550]: 
          variable "uiNumber" was set but never used
    214          }

   Maximum stack usage in bytes:

   CSTACK RSTACK Function
   ------ ------ --------
      0      2   CPss21::SetFsmState(uint8_t)
      1      2   main()
        1      2   -> CPss21::MainFsm()
        1      2   -> CPss21::SetFsmState(uint8_t)


   Segment part sizes:

   Bytes  Function/Label
   -----  --------------
       6  CPss21::SetFsmState(uint8_t)
       1  _A_ACSR
       2  _A_ADC
       1  _A_ADCSRA
       1  _A_ADMUX
       1  _A_ASSR
       1  _A_DDRA
       1  _A_DDRB
       1  _A_DDRC
       1  _A_DDRD
       1  _A_DDRE
       1  _A_DDRF
       1  _A_DDRG
       2  _A_EEAR
       1  _A_EECR
       1  _A_EEDR
       1  _A_EICRA
       1  _A_EICRB
       1  _A_EIFR
       1  _A_EIMSK
       1  _A_ETIFR
       1  _A_ETIMSK
       2  _A_ICR1
       2  _A_ICR3
       1  _A_MCUCR
       1  _A_MCUCSR
       1  _A_OCDR
       1  _A_OCR0
       2  _A_OCR1A
       2  _A_OCR1B
       2  _A_OCR1C
       1  _A_OCR2
       2  _A_OCR3A
       2  _A_OCR3B
       2  _A_OCR3C
       1  _A_OSCCAL
       1  _A_PINA
       1  _A_PINB
       1  _A_PINC
       1  _A_PIND
       1  _A_PINE
       1  _A_PINF
       1  _A_PING
       1  _A_PORTA
       1  _A_PORTB
       1  _A_PORTC
       1  _A_PORTD
       1  _A_PORTE
       1  _A_PORTF
       1  _A_PORTG
       1  _A_RAMPZ
       1  _A_SFIOR
       2  _A_SP
       1  _A_SPCR
       1  _A_SPDR
       1  _A_SPMCSR
       1  _A_SPSR
       1  _A_SREG
       1  _A_TCCR0
       1  _A_TCCR1A
       1  _A_TCCR1B
       1  _A_TCCR1C
       1  _A_TCCR2
       1  _A_TCCR3A
       1  _A_TCCR3B
       1  _A_TCCR3C
       1  _A_TCNT0
       2  _A_TCNT1
       1  _A_TCNT2
       2  _A_TCNT3
       1  _A_TIFR
       1  _A_TIMSK
       1  _A_TWAR
       1  _A_TWBR
       1  _A_TWCR
       1  _A_TWDR
       1  _A_TWSR
       1  _A_UBRR0H
       1  _A_UBRR0L
       1  _A_UBRR1H
       1  _A_UBRR1L
       1  _A_UCSR0A
       1  _A_UCSR0B
       1  _A_UCSR0C
       1  _A_UCSR1A
       1  _A_UCSR1B
       1  _A_UCSR1C
       1  _A_UDR0
       1  _A_UDR1
       1  _A_WDTCR
       1  _A_XDIV
       1  _A_XMCRA
       1  _A_XMCRB
      30  main()
      36  -- Other

 
 105 bytes in segment ABSOLUTE
  36 bytes in segment CODE
  36 bytes in segment NEAR_F
 
 66 bytes of CODE memory (+   6 bytes shared)
  0 bytes of DATA memory (+ 105 bytes shared)

Errors: none
Warnings: 4
