###############################################################################
#
# IAR C/C++ Compiler V7.10.6.1378 for Atmel AVR           09/Aug/2022  02:57:06
# Copyright 1996-2018 IAR Systems AB.
#
#    Source file  =  D:\Projects\CautoProjects\PSS48\PSS48\src\ModuleMrXX.cpp
#    Command line =  
#        -f C:\Users\ghost\AppData\Local\Temp\EWDE50.tmp
#        (--string_literals_in_flash
#        D:\Projects\CautoProjects\PSS48\PSS48\src\ModuleMrXX.cpp --cpu=m128a
#        -ms -o D:\Projects\CautoProjects\PSS48\PSS48\Debug\Obj -lC
#        D:\Projects\CautoProjects\PSS48\PSS48\Debug\List -lB
#        D:\Projects\CautoProjects\PSS48\PSS48\Debug\List -y
#        --initializers_in_flash --root_variables --no_cse --no_inline
#        --no_code_motion --no_cross_call --no_clustering --no_tbaa --debug
#        -DENABLE_BIT_DEFINITIONS -e -I
#        D:\Projects\CautoProjects\PSS48\PSS48\include\ -I
#        D:\Projects\CautoProjects\PSS48\PSS48\Modbus\ --eeprom_size 4096
#        --dlib --dlib_config "C:\Program Files (x86)\IAR Systems\Embedded
#        Workbench 8.0\avr\LIB\DLIB\dlAVR-3s-ec_mul-n.h" -On --eec++)
#    Locale       =  Russian_RUS.1251
#    List file    =  
#        D:\Projects\CautoProjects\PSS48\PSS48\Debug\List\ModuleMrXX.lst
#    Object file  =  
#        D:\Projects\CautoProjects\PSS48\PSS48\Debug\Obj\ModuleMrXX.r90
#
###############################################################################

D:\Projects\CautoProjects\PSS48\PSS48\src\ModuleMrXX.cpp
      1          //-----------------------------------------------------------------------------------------------------
      2          //  Sourse      : FileName.cpp
      3          //  Created     : 01.06.2022
      4          //  Author      : Alexandr Volvenkin
      5          //  email       : aav-36@mail.ru
      6          //  GitHub      : https://github.com/AlexandrVolvenkin
      7          //-----------------------------------------------------------------------------------------------------
      8          #include "ModuleMrXX.h"

   \                                 In  segment CODE, align 2, keep-with-next
   \   __version_3 void CDfaLite::SetFsmState(uint8_t)
   \                     ??SetFsmState:
   \   00000000   01F8               MOVW    R31:R30, R17:R16
   \   00000002   8320               ST      Z, R18
   \   00000004   9508               RET

   \                                 In  segment CODE, align 2, keep-with-next
   \   __version_3 uint8_t CDfaLite::GetFsmState()
   \                     ??GetFsmState:
   \   00000000   01F8               MOVW    R31:R30, R17:R16
   \   00000002   8100               LD      R16, Z
   \   00000004   9508               RET
      9          #include "Platform.h"

   \                                 In  segment ABSOLUTE, at 0x9d, root
   \   union <unnamed> volatile __io _A_UCSR1C
   \                     _A_UCSR1C:
   \   00000000                      DS8 1

   \                                 In  segment ABSOLUTE, at 0x9c, root
   \   union <unnamed> volatile __io _A_UDR1
   \                     _A_UDR1:
   \   00000000                      DS8 1

   \                                 In  segment ABSOLUTE, at 0x9b, root
   \   union <unnamed> volatile __io _A_UCSR1A
   \                     _A_UCSR1A:
   \   00000000                      DS8 1

   \                                 In  segment ABSOLUTE, at 0x9a, root
   \   union <unnamed> volatile __io _A_UCSR1B
   \                     _A_UCSR1B:
   \   00000000                      DS8 1

   \                                 In  segment ABSOLUTE, at 0x99, root
   \   union <unnamed> volatile __io _A_UBRR1L
   \                     _A_UBRR1L:
   \   00000000                      DS8 1

   \                                 In  segment ABSOLUTE, at 0x98, root
   \   union <unnamed> volatile __io _A_UBRR1H
   \                     _A_UBRR1H:
   \   00000000                      DS8 1

   \                                 In  segment ABSOLUTE, at 0x95, root
   \   union <unnamed> volatile __io _A_UCSR0C
   \                     _A_UCSR0C:
   \   00000000                      DS8 1

   \                                 In  segment ABSOLUTE, at 0x90, root
   \   union <unnamed> volatile __io _A_UBRR0H
   \                     _A_UBRR0H:
   \   00000000                      DS8 1

   \                                 In  segment ABSOLUTE, at 0x8c, root
   \   union <unnamed> volatile __io _A_TCCR3C
   \                     _A_TCCR3C:
   \   00000000                      DS8 1

   \                                 In  segment ABSOLUTE, at 0x8b, root
   \   union <unnamed> volatile __io _A_TCCR3A
   \                     _A_TCCR3A:
   \   00000000                      DS8 1

   \                                 In  segment ABSOLUTE, at 0x8a, root
   \   union <unnamed> volatile __io _A_TCCR3B
   \                     _A_TCCR3B:
   \   00000000                      DS8 1

   \                                 In  segment ABSOLUTE, at 0x88, root
   \   union <unnamed> volatile __io _A_TCNT3
   \                     _A_TCNT3:
   \   00000000                      DS8 2

   \                                 In  segment ABSOLUTE, at 0x86, root
   \   union <unnamed> volatile __io _A_OCR3A
   \                     _A_OCR3A:
   \   00000000                      DS8 2

   \                                 In  segment ABSOLUTE, at 0x84, root
   \   union <unnamed> volatile __io _A_OCR3B
   \                     _A_OCR3B:
   \   00000000                      DS8 2

   \                                 In  segment ABSOLUTE, at 0x82, root
   \   union <unnamed> volatile __io _A_OCR3C
   \                     _A_OCR3C:
   \   00000000                      DS8 2

   \                                 In  segment ABSOLUTE, at 0x80, root
   \   union <unnamed> volatile __io _A_ICR3
   \                     _A_ICR3:
   \   00000000                      DS8 2

   \                                 In  segment ABSOLUTE, at 0x7d, root
   \   union <unnamed> volatile __io _A_ETIMSK
   \                     _A_ETIMSK:
   \   00000000                      DS8 1

   \                                 In  segment ABSOLUTE, at 0x7c, root
   \   union <unnamed> volatile __io _A_ETIFR
   \                     _A_ETIFR:
   \   00000000                      DS8 1

   \                                 In  segment ABSOLUTE, at 0x7a, root
   \   union <unnamed> volatile __io _A_TCCR1C
   \                     _A_TCCR1C:
   \   00000000                      DS8 1

   \                                 In  segment ABSOLUTE, at 0x78, root
   \   union <unnamed> volatile __io _A_OCR1C
   \                     _A_OCR1C:
   \   00000000                      DS8 2

   \                                 In  segment ABSOLUTE, at 0x74, root
   \   union <unnamed> volatile __io _A_TWCR
   \                     _A_TWCR:
   \   00000000                      DS8 1

   \                                 In  segment ABSOLUTE, at 0x73, root
   \   union <unnamed> volatile __io _A_TWDR
   \                     _A_TWDR:
   \   00000000                      DS8 1

   \                                 In  segment ABSOLUTE, at 0x72, root
   \   union <unnamed> volatile __io _A_TWAR
   \                     _A_TWAR:
   \   00000000                      DS8 1

   \                                 In  segment ABSOLUTE, at 0x71, root
   \   union <unnamed> volatile __io _A_TWSR
   \                     _A_TWSR:
   \   00000000                      DS8 1

   \                                 In  segment ABSOLUTE, at 0x70, root
   \   union <unnamed> volatile __io _A_TWBR
   \                     _A_TWBR:
   \   00000000                      DS8 1

   \                                 In  segment ABSOLUTE, at 0x6f, root
   \   union <unnamed> volatile __io _A_OSCCAL
   \                     _A_OSCCAL:
   \   00000000                      DS8 1

   \                                 In  segment ABSOLUTE, at 0x6d, root
   \   union <unnamed> volatile __io _A_XMCRA
   \                     _A_XMCRA:
   \   00000000                      DS8 1

   \                                 In  segment ABSOLUTE, at 0x6c, root
   \   union <unnamed> volatile __io _A_XMCRB
   \                     _A_XMCRB:
   \   00000000                      DS8 1

   \                                 In  segment ABSOLUTE, at 0x6a, root
   \   union <unnamed> volatile __io _A_EICRA
   \                     _A_EICRA:
   \   00000000                      DS8 1

   \                                 In  segment ABSOLUTE, at 0x68, root
   \   union <unnamed> volatile __io _A_SPMCSR
   \                     _A_SPMCSR:
   \   00000000                      DS8 1

   \                                 In  segment ABSOLUTE, at 0x65, root
   \   union <unnamed> volatile __io _A_PORTG
   \                     _A_PORTG:
   \   00000000                      DS8 1

   \                                 In  segment ABSOLUTE, at 0x64, root
   \   union <unnamed> volatile __io _A_DDRG
   \                     _A_DDRG:
   \   00000000                      DS8 1

   \                                 In  segment ABSOLUTE, at 0x63, root
   \   union <unnamed> volatile __io _A_PING
   \                     _A_PING:
   \   00000000                      DS8 1

   \                                 In  segment ABSOLUTE, at 0x62, root
   \   union <unnamed> volatile __io _A_PORTF
   \                     _A_PORTF:
   \   00000000                      DS8 1

   \                                 In  segment ABSOLUTE, at 0x61, root
   \   union <unnamed> volatile __io _A_DDRF
   \                     _A_DDRF:
   \   00000000                      DS8 1

   \                                 In  segment ABSOLUTE, at 0x5f, root
   \   union <unnamed> volatile __io _A_SREG
   \                     _A_SREG:
   \   00000000                      DS8 1

   \                                 In  segment ABSOLUTE, at 0x5d, root
   \   union <unnamed> volatile __io _A_SP
   \                     _A_SP:
   \   00000000                      DS8 2

   \                                 In  segment ABSOLUTE, at 0x5c, root
   \   union <unnamed> volatile __io _A_XDIV
   \                     _A_XDIV:
   \   00000000                      DS8 1

   \                                 In  segment ABSOLUTE, at 0x5b, root
   \   union <unnamed> volatile __io _A_RAMPZ
   \                     _A_RAMPZ:
   \   00000000                      DS8 1

   \                                 In  segment ABSOLUTE, at 0x5a, root
   \   union <unnamed> volatile __io _A_EICRB
   \                     _A_EICRB:
   \   00000000                      DS8 1

   \                                 In  segment ABSOLUTE, at 0x59, root
   \   union <unnamed> volatile __io _A_EIMSK
   \                     _A_EIMSK:
   \   00000000                      DS8 1

   \                                 In  segment ABSOLUTE, at 0x58, root
   \   union <unnamed> volatile __io _A_EIFR
   \                     _A_EIFR:
   \   00000000                      DS8 1

   \                                 In  segment ABSOLUTE, at 0x57, root
   \   union <unnamed> volatile __io _A_TIMSK
   \                     _A_TIMSK:
   \   00000000                      DS8 1

   \                                 In  segment ABSOLUTE, at 0x56, root
   \   union <unnamed> volatile __io _A_TIFR
   \                     _A_TIFR:
   \   00000000                      DS8 1

   \                                 In  segment ABSOLUTE, at 0x55, root
   \   union <unnamed> volatile __io _A_MCUCR
   \                     _A_MCUCR:
   \   00000000                      DS8 1

   \                                 In  segment ABSOLUTE, at 0x54, root
   \   union <unnamed> volatile __io _A_MCUCSR
   \                     _A_MCUCSR:
   \   00000000                      DS8 1

   \                                 In  segment ABSOLUTE, at 0x53, root
   \   union <unnamed> volatile __io _A_TCCR0
   \                     _A_TCCR0:
   \   00000000                      DS8 1

   \                                 In  segment ABSOLUTE, at 0x52, root
   \   union <unnamed> volatile __io _A_TCNT0
   \                     _A_TCNT0:
   \   00000000                      DS8 1

   \                                 In  segment ABSOLUTE, at 0x51, root
   \   union <unnamed> volatile __io _A_OCR0
   \                     _A_OCR0:
   \   00000000                      DS8 1

   \                                 In  segment ABSOLUTE, at 0x50, root
   \   union <unnamed> volatile __io _A_ASSR
   \                     _A_ASSR:
   \   00000000                      DS8 1

   \                                 In  segment ABSOLUTE, at 0x4f, root
   \   union <unnamed> volatile __io _A_TCCR1A
   \                     _A_TCCR1A:
   \   00000000                      DS8 1

   \                                 In  segment ABSOLUTE, at 0x4e, root
   \   union <unnamed> volatile __io _A_TCCR1B
   \                     _A_TCCR1B:
   \   00000000                      DS8 1

   \                                 In  segment ABSOLUTE, at 0x4c, root
   \   union <unnamed> volatile __io _A_TCNT1
   \                     _A_TCNT1:
   \   00000000                      DS8 2

   \                                 In  segment ABSOLUTE, at 0x4a, root
   \   union <unnamed> volatile __io _A_OCR1A
   \                     _A_OCR1A:
   \   00000000                      DS8 2

   \                                 In  segment ABSOLUTE, at 0x48, root
   \   union <unnamed> volatile __io _A_OCR1B
   \                     _A_OCR1B:
   \   00000000                      DS8 2

   \                                 In  segment ABSOLUTE, at 0x46, root
   \   union <unnamed> volatile __io _A_ICR1
   \                     _A_ICR1:
   \   00000000                      DS8 2

   \                                 In  segment ABSOLUTE, at 0x45, root
   \   union <unnamed> volatile __io _A_TCCR2
   \                     _A_TCCR2:
   \   00000000                      DS8 1

   \                                 In  segment ABSOLUTE, at 0x44, root
   \   union <unnamed> volatile __io _A_TCNT2
   \                     _A_TCNT2:
   \   00000000                      DS8 1

   \                                 In  segment ABSOLUTE, at 0x43, root
   \   union <unnamed> volatile __io _A_OCR2
   \                     _A_OCR2:
   \   00000000                      DS8 1

   \                                 In  segment ABSOLUTE, at 0x42, root
   \   union <unnamed> volatile __io _A_OCDR
   \                     _A_OCDR:
   \   00000000                      DS8 1

   \                                 In  segment ABSOLUTE, at 0x41, root
   \   union <unnamed> volatile __io _A_WDTCR
   \                     _A_WDTCR:
   \   00000000                      DS8 1

   \                                 In  segment ABSOLUTE, at 0x40, root
   \   union <unnamed> volatile __io _A_SFIOR
   \                     _A_SFIOR:
   \   00000000                      DS8 1

   \                                 In  segment ABSOLUTE, at 0x3e, root
   \   union <unnamed> volatile __io _A_EEAR
   \                     _A_EEAR:
   \   00000000                      DS8 2

   \                                 In  segment ABSOLUTE, at 0x3d, root
   \   union <unnamed> volatile __io _A_EEDR
   \                     _A_EEDR:
   \   00000000                      DS8 1

   \                                 In  segment ABSOLUTE, at 0x3c, root
   \   union <unnamed> volatile __io _A_EECR
   \                     _A_EECR:
   \   00000000                      DS8 1

   \                                 In  segment ABSOLUTE, at 0x3b, root
   \   union <unnamed> volatile __io _A_PORTA
   \                     _A_PORTA:
   \   00000000                      DS8 1

   \                                 In  segment ABSOLUTE, at 0x3a, root
   \   union <unnamed> volatile __io _A_DDRA
   \                     _A_DDRA:
   \   00000000                      DS8 1

   \                                 In  segment ABSOLUTE, at 0x39, root
   \   union <unnamed> volatile __io _A_PINA
   \                     _A_PINA:
   \   00000000                      DS8 1

   \                                 In  segment ABSOLUTE, at 0x38, root
   \   union <unnamed> volatile __io _A_PORTB
   \                     _A_PORTB:
   \   00000000                      DS8 1

   \                                 In  segment ABSOLUTE, at 0x37, root
   \   union <unnamed> volatile __io _A_DDRB
   \                     _A_DDRB:
   \   00000000                      DS8 1

   \                                 In  segment ABSOLUTE, at 0x36, root
   \   union <unnamed> volatile __io _A_PINB
   \                     _A_PINB:
   \   00000000                      DS8 1

   \                                 In  segment ABSOLUTE, at 0x35, root
   \   union <unnamed> volatile __io _A_PORTC
   \                     _A_PORTC:
   \   00000000                      DS8 1

   \                                 In  segment ABSOLUTE, at 0x34, root
   \   union <unnamed> volatile __io _A_DDRC
   \                     _A_DDRC:
   \   00000000                      DS8 1

   \                                 In  segment ABSOLUTE, at 0x33, root
   \   union <unnamed> volatile __io _A_PINC
   \                     _A_PINC:
   \   00000000                      DS8 1

   \                                 In  segment ABSOLUTE, at 0x32, root
   \   union <unnamed> volatile __io _A_PORTD
   \                     _A_PORTD:
   \   00000000                      DS8 1

   \                                 In  segment ABSOLUTE, at 0x31, root
   \   union <unnamed> volatile __io _A_DDRD
   \                     _A_DDRD:
   \   00000000                      DS8 1

   \                                 In  segment ABSOLUTE, at 0x30, root
   \   union <unnamed> volatile __io _A_PIND
   \                     _A_PIND:
   \   00000000                      DS8 1

   \                                 In  segment ABSOLUTE, at 0x2f, root
   \   union <unnamed> volatile __io _A_SPDR
   \                     _A_SPDR:
   \   00000000                      DS8 1

   \                                 In  segment ABSOLUTE, at 0x2e, root
   \   union <unnamed> volatile __io _A_SPSR
   \                     _A_SPSR:
   \   00000000                      DS8 1

   \                                 In  segment ABSOLUTE, at 0x2d, root
   \   union <unnamed> volatile __io _A_SPCR
   \                     _A_SPCR:
   \   00000000                      DS8 1

   \                                 In  segment ABSOLUTE, at 0x2c, root
   \   union <unnamed> volatile __io _A_UDR0
   \                     _A_UDR0:
   \   00000000                      DS8 1

   \                                 In  segment ABSOLUTE, at 0x2b, root
   \   union <unnamed> volatile __io _A_UCSR0A
   \                     _A_UCSR0A:
   \   00000000                      DS8 1

   \                                 In  segment ABSOLUTE, at 0x2a, root
   \   union <unnamed> volatile __io _A_UCSR0B
   \                     _A_UCSR0B:
   \   00000000                      DS8 1

   \                                 In  segment ABSOLUTE, at 0x29, root
   \   union <unnamed> volatile __io _A_UBRR0L
   \                     _A_UBRR0L:
   \   00000000                      DS8 1

   \                                 In  segment ABSOLUTE, at 0x28, root
   \   union <unnamed> volatile __io _A_ACSR
   \                     _A_ACSR:
   \   00000000                      DS8 1

   \                                 In  segment ABSOLUTE, at 0x27, root
   \   union <unnamed> volatile __io _A_ADMUX
   \                     _A_ADMUX:
   \   00000000                      DS8 1

   \                                 In  segment ABSOLUTE, at 0x26, root
   \   union <unnamed> volatile __io _A_ADCSRA
   \                     _A_ADCSRA:
   \   00000000                      DS8 1

   \                                 In  segment ABSOLUTE, at 0x24, root
   \   union <unnamed> volatile __io _A_ADC
   \                     _A_ADC:
   \   00000000                      DS8 2

   \                                 In  segment ABSOLUTE, at 0x23, root
   \   union <unnamed> volatile __io _A_PORTE
   \                     _A_PORTE:
   \   00000000                      DS8 1

   \                                 In  segment ABSOLUTE, at 0x22, root
   \   union <unnamed> volatile __io _A_DDRE
   \                     _A_DDRE:
   \   00000000                      DS8 1

   \                                 In  segment ABSOLUTE, at 0x21, root
   \   union <unnamed> volatile __io _A_PINE
   \                     _A_PINE:
   \   00000000                      DS8 1

   \                                 In  segment ABSOLUTE, at 0x20, root
   \   union <unnamed> volatile __io _A_PINF
   \                     _A_PINF:
   \   00000000                      DS8 1
     10          #include "Pss21.h"

  };
   ^
"D:\Projects\CautoProjects\PSS48\PSS48\Modbus\Modbus.h",184  Warning[Pe375]: 
          declaration requires a typedef name

  };
   ^
"D:\Projects\CautoProjects\PSS48\PSS48\Modbus\Modbus.h",216  Warning[Pe375]: 
          declaration requires a typedef name
     11          #include "Crc.h"
     12          
     13          //-----------------------------------------------------------------------------------------------------

   \                                 In  segment CODE, align 2, keep-with-next
     14          CModuleMrXX::CModuleMrXX()
   \                     ??CModuleMrXX:
   \   00000000   93BA               ST      -Y, R27
   \   00000002   93AA               ST      -Y, R26
   \   00000004   01D8               MOVW    R27:R26, R17:R16
     15          {
   \   00000006   018D               MOVW    R17:R16, R27:R26
   \   00000008   5F0C               SUBI    R16, 252
   \   0000000A   4F1F               SBCI    R17, 255
   \   0000000C   ........           CALL    ??CDfa
   \   00000010   ....               LDI     R16, LOW(??__vtbl_2)
   \   00000012   ....               LDI     R17, (??__vtbl_2) >> 8
   \   00000014   01FD               MOVW    R31:R30, R27:R26
   \   00000016   8702               STD     Z+10, R16
   \   00000018   8713               STD     Z+11, R17
   \   0000001A   ....               LDI     R16, LOW(??__vtbl_CDfa)
   \   0000001C   ....               LDI     R17, (??__vtbl_CDfa) >> 8
   \   0000001E   01FD               MOVW    R31:R30, R27:R26
   \   00000020   8305               STD     Z+5, R16
   \   00000022   8316               STD     Z+6, R17
     16              //ctor
     17          }
   \   00000024   018D               MOVW    R17:R16, R27:R26
   \   00000026   91A9               LD      R26, Y+
   \   00000028   91B9               LD      R27, Y+
   \   0000002A   9508               RET
     18          
     19          //-----------------------------------------------------------------------------------------------------

   \                                 In  segment CODE, align 2, keep-with-next
     20          CModuleMrXX::~CModuleMrXX()
   \                     `?~CModuleMrXX`:
     21          {
   \   00000000   ........           CALL    ?PROLOGUE4_L09
   \   00000004   01C8               MOVW    R25:R24, R17:R16
   \   00000006   01D9               MOVW    R27:R26, R19:R18
   \   00000008   2F08               MOV     R16, R24
   \   0000000A   2B09               OR      R16, R25
   \   0000000C   F061               BREQ    `?~CModuleMrXX_1`
     22              //dtor
     23          }
   \   0000000E   E020               LDI     R18, 0
   \   00000010   E030               LDI     R19, 0
   \   00000012   018C               MOVW    R17:R16, R25:R24
   \   00000014   5F0C               SUBI    R16, 252
   \   00000016   4F1F               SBCI    R17, 255
   \   00000018   ........           CALL    `?~CDfa`
   \   0000001C   FBA0               BST     R26, 0
   \   0000001E   F41E               BRTC    `?~CModuleMrXX_1`
   \   00000020   018C               MOVW    R17:R16, R25:R24
   \   00000022   ........           CALL    `??operator delete`
   \                     `?~CModuleMrXX_1`:
   \   00000026   E0E4               LDI     R30, 4
   \   00000028   ........           JMP     ?EPILOGUE_B4_L09
     24          //-----------------------------------------------------------------------------------------------------
     25          
     26          
     27          
     28          
     29          
     30          
     31          
     32          
     33          //-----------------------------------------------------------------------------------------------------

   \                                 In  segment CODE, align 2, keep-with-next
     34          CModuleMrXXDriver::CModuleMrXXDriver()
   \                     ??CModuleMrXXDriver_1:
   \   00000000   93BA               ST      -Y, R27
   \   00000002   93AA               ST      -Y, R26
   \   00000004   01D8               MOVW    R27:R26, R17:R16
     35          {
   \   00000006   018D               MOVW    R17:R16, R27:R26
   \   00000008   5F07               SUBI    R16, 247
   \   0000000A   4F1F               SBCI    R17, 255
   \   0000000C   ........           CALL    ??CDfa
   \   00000010   ....               LDI     R16, LOW(??__vtbl_3)
   \   00000012   ....               LDI     R17, (??__vtbl_3) >> 8
   \   00000014   01FD               MOVW    R31:R30, R27:R26
   \   00000016   8307               STD     Z+7, R16
   \   00000018   8710               STD     Z+8, R17
   \   0000001A   ....               LDI     R16, LOW(??__vtbl_CDfa_1)
   \   0000001C   ....               LDI     R17, (??__vtbl_CDfa_1) >> 8
   \   0000001E   01FD               MOVW    R31:R30, R27:R26
   \   00000020   8702               STD     Z+10, R16
   \   00000022   8713               STD     Z+11, R17
     36          
     37          }
   \   00000024   018D               MOVW    R17:R16, R27:R26
   \   00000026   91A9               LD      R26, Y+
   \   00000028   91B9               LD      R27, Y+
   \   0000002A   9508               RET
     38          
     39          //-----------------------------------------------------------------------------------------------------

   \                                 In  segment CODE, align 2, keep-with-next
     40          CModuleMrXXDriver::CModuleMrXXDriver(uint8_t uiType)
   \                     ??CModuleMrXXDriver:
   \   00000000   ........           CALL    ?PROLOGUE4_L09
   \   00000004   01D8               MOVW    R27:R26, R17:R16
   \   00000006   2F82               MOV     R24, R18
     41          {
   \   00000008   018D               MOVW    R17:R16, R27:R26
   \   0000000A   5F07               SUBI    R16, 247
   \   0000000C   4F1F               SBCI    R17, 255
   \   0000000E   ........           CALL    ??CDfa
   \   00000012   ....               LDI     R16, LOW(??__vtbl_3)
   \   00000014   ....               LDI     R17, (??__vtbl_3) >> 8
   \   00000016   01FD               MOVW    R31:R30, R27:R26
   \   00000018   8307               STD     Z+7, R16
   \   0000001A   8710               STD     Z+8, R17
   \   0000001C   ....               LDI     R16, LOW(??__vtbl_CDfa_1)
   \   0000001E   ....               LDI     R17, (??__vtbl_CDfa_1) >> 8
   \   00000020   01FD               MOVW    R31:R30, R27:R26
   \   00000022   8702               STD     Z+10, R16
   \   00000024   8713               STD     Z+11, R17
     42              m_uiType = uiType;
   \   00000026   938C               ST      X, R24
     43              SetFsmState(MRXX_FSM_STATE_WRITE_DATABASE);
   \   00000028   E020               LDI     R18, 0
   \   0000002A   018D               MOVW    R17:R16, R27:R26
   \   0000002C   5F07               SUBI    R16, 247
   \   0000002E   4F1F               SBCI    R17, 255
   \   00000030   ........           CALL    ??SetFsmState
     44          }
   \   00000034   018D               MOVW    R17:R16, R27:R26
   \   00000036   E0E4               LDI     R30, 4
   \   00000038   ........           JMP     ?EPILOGUE_B4_L09
     45          
     46          //-----------------------------------------------------------------------------------------------------

   \                                 In  segment CODE, align 2, keep-with-next
     47          CModuleMrXXDriver::~CModuleMrXXDriver()
   \                     `?~CModuleMrXXDriver`:
     48          {
   \   00000000   ........           CALL    ?PROLOGUE4_L09
   \   00000004   01C8               MOVW    R25:R24, R17:R16
   \   00000006   01D9               MOVW    R27:R26, R19:R18
   \   00000008   2F08               MOV     R16, R24
   \   0000000A   2B09               OR      R16, R25
   \   0000000C   F061               BREQ    `?~CModuleMrXXDriver_1`
     49          
     50          }
   \   0000000E   E020               LDI     R18, 0
   \   00000010   E030               LDI     R19, 0
   \   00000012   018C               MOVW    R17:R16, R25:R24
   \   00000014   5F07               SUBI    R16, 247
   \   00000016   4F1F               SBCI    R17, 255
   \   00000018   ........           CALL    `?~CDfa`
   \   0000001C   FBA0               BST     R26, 0
   \   0000001E   F41E               BRTC    `?~CModuleMrXXDriver_1`
   \   00000020   018C               MOVW    R17:R16, R25:R24
   \   00000022   ........           CALL    `??operator delete`
   \                     `?~CModuleMrXXDriver_1`:
   \   00000026   E0E4               LDI     R30, 4
   \   00000028   ........           JMP     ?EPILOGUE_B4_L09
     51          
     52          ////-----------------------------------------------------------------------------------------------------
     53          //void CModuleMrXXDriver::Init(void)
     54          //{
     55          //
     56          //}
     57          
     58          //-----------------------------------------------------------------------------------------------------

   \                                 In  segment CODE, align 2, keep-with-next
     59          void CModuleMrXXDriver::Allocate(TMemoryAllocationConext &xMemoryAllocationConext)
   \                     ??Allocate:
     60          {
   \   00000000   011D               MOVW    R3:R2, R27:R26
   \   00000002   01D8               MOVW    R27:R26, R17:R16
     61              m_uiAddress = xMemoryAllocationConext.uiAddress;
   \   00000004   01F9               MOVW    R31:R30, R19:R18
   \   00000006   8100               LD      R16, Z
   \   00000008   01FD               MOVW    R31:R30, R27:R26
   \   0000000A   8706               STD     Z+14, R16
     62              m_puiRxBuffer = xMemoryAllocationConext.puiRxBuffer;
   \   0000000C   01F9               MOVW    R31:R30, R19:R18
   \   0000000E   8101               LDD     R16, Z+1
   \   00000010   8112               LDD     R17, Z+2
   \   00000012   01FD               MOVW    R31:R30, R27:R26
   \   00000014   8707               STD     Z+15, R16
   \   00000016   8B10               STD     Z+16, R17
     63              m_puiTxBuffer = xMemoryAllocationConext.puiTxBuffer;
   \   00000018   01F9               MOVW    R31:R30, R19:R18
   \   0000001A   8103               LDD     R16, Z+3
   \   0000001C   8114               LDD     R17, Z+4
   \   0000001E   01FD               MOVW    R31:R30, R27:R26
   \   00000020   8B01               STD     Z+17, R16
   \   00000022   8B12               STD     Z+18, R17
     64              m_puiErrorCode = xMemoryAllocationConext.puiErrorCode;
   \   00000024   01F9               MOVW    R31:R30, R19:R18
   \   00000026   8105               LDD     R16, Z+5
   \   00000028   8116               LDD     R17, Z+6
   \   0000002A   01FD               MOVW    R31:R30, R27:R26
   \   0000002C   8305               STD     Z+5, R16
   \   0000002E   8316               STD     Z+6, R17
     65              // Получим указатель на массив дискретных входов.
     66              m_puiDiscreteInputs = xMemoryAllocationConext.puiDiscreteInputs;
   \   00000030   01F9               MOVW    R31:R30, R19:R18
   \   00000032   8107               LDD     R16, Z+7
   \   00000034   8510               LDD     R17, Z+8
   \   00000036   01FD               MOVW    R31:R30, R27:R26
   \   00000038   8B03               STD     Z+19, R16
   \   0000003A   8B14               STD     Z+20, R17
     67          
     68              // Получим указатель на массив базы данных.
     69              m_pxDiscreteOutputDataBase = xMemoryAllocationConext.pxDiscreteOutputDataBase;
   \   0000003C   01F9               MOVW    R31:R30, R19:R18
   \   0000003E   8900               LDD     R16, Z+16
   \   00000040   8911               LDD     R17, Z+17
   \   00000042   01FD               MOVW    R31:R30, R27:R26
   \   00000044   8F01               STD     Z+25, R16
   \   00000046   8F12               STD     Z+26, R17
     70          
     71              m_puiDiscreteOutputState = xMemoryAllocationConext.puiDiscreteOutputState;
   \   00000048   01F9               MOVW    R31:R30, R19:R18
   \   0000004A   8502               LDD     R16, Z+10
   \   0000004C   8513               LDD     R17, Z+11
   \   0000004E   01FD               MOVW    R31:R30, R27:R26
   \   00000050   8B05               STD     Z+21, R16
   \   00000052   8B16               STD     Z+22, R17
     72          
     73              // Получим указатель на место в массиве дискретных выходов для текущего модуля.
     74              m_pxDiscreteOutputControl =
     75                  &xMemoryAllocationConext.
     76                  pxDiscreteOutputControl[xMemoryAllocationConext.uiUsedDiscreteOutputs];
   \   00000054   01F9               MOVW    R31:R30, R19:R18
   \   00000056   8545               LDD     R20, Z+13
   \   00000058   8556               LDD     R21, Z+14
   \   0000005A   01F9               MOVW    R31:R30, R19:R18
   \   0000005C   8507               LDD     R16, Z+15
   \   0000005E   E010               LDI     R17, 0
   \   00000060   0F00               LSL     R16
   \   00000062   1F11               ROL     R17
   \   00000064   0F40               ADD     R20, R16
   \   00000066   1F51               ADC     R21, R17
   \   00000068   01FD               MOVW    R31:R30, R27:R26
   \   0000006A   8B47               STD     Z+23, R20
   \   0000006C   8F50               STD     Z+24, R21
     77              // Увеличим общий объём выделенной памяти.
     78              xMemoryAllocationConext.
     79              uiUsedDiscreteOutputs +=
     80                  MR_DISCRETE_OUTPUT_NUMBER;
   \   0000006E   01F9               MOVW    R31:R30, R19:R18
   \   00000070   8507               LDD     R16, Z+15
   \   00000072   5F08               SUBI    R16, 248
   \   00000074   8707               STD     Z+15, R16
     81          
     82              m_pxDiscreteOutputDataBase =
     83                  &xMemoryAllocationConext.
     84                  pxDiscreteOutputDataBase[xMemoryAllocationConext.uiUsedDiscreteOutputDataBase];
   \   00000076   01F9               MOVW    R31:R30, R19:R18
   \   00000078   8960               LDD     R22, Z+16
   \   0000007A   8971               LDD     R23, Z+17
   \   0000007C   01F9               MOVW    R31:R30, R19:R18
   \   0000007E   8902               LDD     R16, Z+18
   \   00000080   E010               LDI     R17, 0
   \   00000082   E148               LDI     R20, 24
   \   00000084   E050               LDI     R21, 0
   \   00000086   ........           CALL    ?S_EC_MUL_L02
   \   0000008A   0F60               ADD     R22, R16
   \   0000008C   1F71               ADC     R23, R17
   \   0000008E   01FD               MOVW    R31:R30, R27:R26
   \   00000090   8F61               STD     Z+25, R22
   \   00000092   8F72               STD     Z+26, R23
     85              // Увеличим общий объём выделенной памяти.
     86              xMemoryAllocationConext.
     87              uiUsedDiscreteOutputDataBase +=
     88                  MR_DISCRETE_OUTPUT_NUMBER;
   \   00000094   01F9               MOVW    R31:R30, R19:R18
   \   00000096   8902               LDD     R16, Z+18
   \   00000098   5F08               SUBI    R16, 248
   \   0000009A   8B02               STD     Z+18, R16
     89          
     90              m_uiBadAnswerCounter = 0;
   \   0000009C   01FD               MOVW    R31:R30, R27:R26
   \   0000009E   E000               LDI     R16, 0
   \   000000A0   8F03               STD     Z+27, R16
     91          }
   \   000000A2   01D1               MOVW    R27:R26, R3:R2
   \   000000A4   9508               RET
     92          
     93          ////-----------------------------------------------------------------------------------------------------
     94          //uint16_t CModuleMrXXDriver::ReportType(uint8_t *puiDestination, uint16_t uiLength)
     95          //{
     96          //    memset(m_puiTxBuffer, 0, 4);
     97          //    uint8_t uiLengthLocal = 0;
     98          //    m_puiTxBuffer[uiLengthLocal++] = GET_MODULE_TYPE_COMMAND;
     99          //    m_puiTxBuffer[uiLengthLocal++] = 0;
    100          //    m_puiTxBuffer[uiLengthLocal++] = 0;
    101          //    m_puiTxBuffer[uiLengthLocal++] = 0;
    102          //    m_puiTxBuffer[uiLengthLocal++] = 0;
    103          //    CPss21::ConnectDevice(m_uiAddress);
    104          //    delay_us(500);
    105          //    CSpi::Exchange(m_puiRxBuffer, m_puiTxBuffer, uiLengthLocal);
    106          //    CPss21::DisconnectDevice();
    107          //}
    108          
    109          //-----------------------------------------------------------------------------------------------------

   \                                 In  segment CODE, align 2, keep-with-next
    110          uint8_t CModuleMrXXDriver::WriteDataBase(void)
   \                     ??WriteDataBase:
    111          {
   \   00000000   ........           CALL    ?PROLOGUE6_L09
   \   00000004                      REQUIRE ?Register_R4_is_cg_reg
   \   00000004                      REQUIRE ?Register_R5_is_cg_reg
   \   00000004   01D8               MOVW    R27:R26, R17:R16
    112              uint16_t usData;
    113              uint8_t *puiDestination;
    114          
    115              puiDestination = &m_puiTxBuffer[DATA_BYTE_OFFSET];
   \   00000006   01FD               MOVW    R31:R30, R27:R26
   \   00000008   8901               LDD     R16, Z+17
   \   0000000A   8912               LDD     R17, Z+18
   \   0000000C   5F0E               SUBI    R16, 254
   \   0000000E   4F1F               SBCI    R17, 255
   \   00000010   01C8               MOVW    R25:R24, R17:R16
    116          
    117              // При загрузке БД в МР передается только байт 0 описателя каждого выхода.
    118              for (uint8_t i = 0; i < MR_DISCRETE_OUTPUT_NUMBER; i++)
   \   00000012   E000               LDI     R16, 0
   \                     ??WriteDataBase_1:
   \   00000014   3008               CPI     R16, 8
   \   00000016   F478               BRCC    ??WriteDataBase_2
    119              {
    120                  puiDestination[i] =
    121                      m_pxDiscreteOutputDataBase -> DiscreteOutputModuleDataBase[i];
   \   00000018   01FD               MOVW    R31:R30, R27:R26
   \   0000001A   8D21               LDD     R18, Z+25
   \   0000001C   8D32               LDD     R19, Z+26
   \   0000001E   E010               LDI     R17, 0
   \   00000020   0F20               ADD     R18, R16
   \   00000022   1F31               ADC     R19, R17
   \   00000024   01F9               MOVW    R31:R30, R19:R18
   \   00000026   8120               LD      R18, Z
   \   00000028   E010               LDI     R17, 0
   \   0000002A   01FC               MOVW    R31:R30, R25:R24
   \   0000002C   0FE0               ADD     R30, R16
   \   0000002E   1FF1               ADC     R31, R17
   \   00000030   8320               ST      Z, R18
    122              }
   \   00000032   9503               INC     R16
   \   00000034   CFEF               RJMP    ??WriteDataBase_1
    123          
    124              usData = usCrcSummTwoByteCalculation(puiDestination,
    125                                                   MRXX_SET_DATA_BASE_COMMAND_ANSWER_LENGTH);
   \                     ??WriteDataBase_2:
   \   00000036   E028               LDI     R18, 8
   \   00000038   E030               LDI     R19, 0
   \   0000003A   018C               MOVW    R17:R16, R25:R24
   \   0000003C   ........           CALL    ??usCrcSummTwoByteCalculation
   \   00000040   0128               MOVW    R5:R4, R17:R16
    126              puiDestination = &m_puiTxBuffer[DATA_BYTE_OFFSET +
    127                                              MRXX_SET_DATA_BASE_COMMAND_ANSWER_LENGTH];
   \   00000042   01FD               MOVW    R31:R30, R27:R26
   \   00000044   8901               LDD     R16, Z+17
   \   00000046   8912               LDD     R17, Z+18
   \   00000048   5F06               SUBI    R16, 246
   \   0000004A   4F1F               SBCI    R17, 255
   \   0000004C   01C8               MOVW    R25:R24, R17:R16
    128              *puiDestination++ = (uint8_t)usData;
   \   0000004E   2D04               MOV     R16, R4
   \   00000050   01FC               MOVW    R31:R30, R25:R24
   \   00000052   8300               ST      Z, R16
   \   00000054   9601               ADIW    R25:R24, 1
    129              *puiDestination = (uint8_t)(usData >> 8);
   \   00000056   0182               MOVW    R17:R16, R5:R4
   \   00000058   2F01               MOV     R16, R17
   \   0000005A   E010               LDI     R17, 0
   \   0000005C   01FC               MOVW    R31:R30, R25:R24
   \   0000005E   8300               ST      Z, R16
    130          
    131              m_puiTxBuffer[0] = MRXX_SET_DATA_BASE_COMMAND;
   \   00000060   01FD               MOVW    R31:R30, R27:R26
   \   00000062   8901               LDD     R16, Z+17
   \   00000064   8912               LDD     R17, Z+18
   \   00000066   01F8               MOVW    R31:R30, R17:R16
   \   00000068   E801               LDI     R16, 129
   \   0000006A   8300               ST      Z, R16
    132          
    133              CPss21::ConnectDevice(m_uiAddress);
   \   0000006C   01FD               MOVW    R31:R30, R27:R26
   \   0000006E   8506               LDD     R16, Z+14
   \   00000070   ........           CALL    ??ConnectDevice
    134              delay_us(500);
   \   00000074   E60A               LDI     R16, 106
   \   00000076   E013               LDI     R17, 3
   \   00000078   5001               SUBI    R16, 1
   \   0000007A   4010               SBCI    R17, 0
   \   0000007C   F7E9               BRNE    $-4
   \   0000007E   C000               RJMP    $+2
   \   00000080   0000               NOP
    135              CSpi::Exchange(m_puiRxBuffer,
    136                             m_puiTxBuffer,
    137                             (PRIAMBLE_LENGTH +
    138                              MRXX_SET_DATA_BASE_COMMAND_ANSWER_LENGTH +
    139                              TWO_BYTE_CRC_LENGTH +
    140                              DATA_EXCHANGE_OK_LENGTH));
   \   00000082   E04D               LDI     R20, 13
   \   00000084   E050               LDI     R21, 0
   \   00000086   01FD               MOVW    R31:R30, R27:R26
   \   00000088   8921               LDD     R18, Z+17
   \   0000008A   8932               LDD     R19, Z+18
   \   0000008C   01FD               MOVW    R31:R30, R27:R26
   \   0000008E   8507               LDD     R16, Z+15
   \   00000090   8910               LDD     R17, Z+16
   \   00000092   ........           CALL    ??Exchange_1
    141              CPss21::DisconnectDevice();
   \   00000096   ........           CALL    ??DisconnectDevice
    142          
    143              // модуль исправен?
    144              if (m_puiRxBuffer[COMMAND_BYTE_OFFSET] == MRXX_SET_DATA_BASE_COMMAND)
   \   0000009A   01FD               MOVW    R31:R30, R27:R26
   \   0000009C   8507               LDD     R16, Z+15
   \   0000009E   8910               LDD     R17, Z+16
   \   000000A0   01F8               MOVW    R31:R30, R17:R16
   \   000000A2   8101               LDD     R16, Z+1
   \   000000A4   3801               CPI     R16, 129
   \   000000A6   F449               BRNE    ??WriteDataBase_3
    145              {
    146                  // есть подтверждение записи базы данных в EEPROM модуля?
    147                  if (m_puiRxBuffer[DATA_BYTE_OFFSET +
    148                                    MRXX_SET_DATA_BASE_COMMAND_ANSWER_LENGTH +
    149                                    TWO_BYTE_CRC_LENGTH] == DATA_EXCHANGE_OK)
   \   000000A8   01FD               MOVW    R31:R30, R27:R26
   \   000000AA   8507               LDD     R16, Z+15
   \   000000AC   8910               LDD     R17, Z+16
   \   000000AE   01F8               MOVW    R31:R30, R17:R16
   \   000000B0   8504               LDD     R16, Z+12
   \   000000B2   370E               CPI     R16, 126
   \   000000B4   F411               BRNE    ??WriteDataBase_3
    150                  {
    151                      // есть подтверждение записи базы данных в EEPROM модуля.
    152                      return 1;
   \   000000B6   E001               LDI     R16, 1
   \   000000B8   C001               RJMP    ??WriteDataBase_4
    153                  }
    154              }
    155          
    156              return 0;
   \                     ??WriteDataBase_3:
   \   000000BA   E000               LDI     R16, 0
   \                     ??WriteDataBase_4:
   \   000000BC   E0E6               LDI     R30, 6
   \   000000BE   ........           JMP     ?EPILOGUE_B6_L09
    157          }
    158          
    159          //-----------------------------------------------------------------------------------------------------

   \                                 In  segment CODE, align 2, keep-with-next
    160          uint8_t CModuleMrXXDriver::Exchange(void)
   \                     ??Exchange:
    161          {
   \   00000000   ........           CALL    ?PROLOGUE10_L09
   \   00000004                      REQUIRE ?Register_R4_is_cg_reg
   \   00000004                      REQUIRE ?Register_R5_is_cg_reg
   \   00000004                      REQUIRE ?Register_R6_is_cg_reg
   \   00000004                      REQUIRE ?Register_R7_is_cg_reg
   \   00000004                      REQUIRE ?Register_R8_is_cg_reg
   \   00000004                      REQUIRE ?Register_R9_is_cg_reg
   \   00000004   01D8               MOVW    R27:R26, R17:R16
    162              uint8_t uiExternalReceipt = 0;
   \   00000006   2499               CLR     R9
    163              // цикл проверяет наличие внешнего квитирования.
    164              for (uint8_t i = 0; i < MR_DISCRETE_OUTPUT_NUMBER; i++)
   \   00000008   E020               LDI     R18, 0
   \                     ??Exchange_2:
   \   0000000A   3028               CPI     R18, 8
   \   0000000C   F520               BRCC    ??Exchange_3
    165              {
    166                  // для текущего входа внешнее квитирование запрограммировано?
    167                  if (m_pxDiscreteOutputDataBase -> ExternalReceiotAddress[i] != 0xFF)
   \   0000000E   01FD               MOVW    R31:R30, R27:R26
   \   00000010   8D01               LDD     R16, Z+25
   \   00000012   8D12               LDD     R17, Z+26
   \   00000014   E030               LDI     R19, 0
   \   00000016   0F02               ADD     R16, R18
   \   00000018   1F13               ADC     R17, R19
   \   0000001A   01F8               MOVW    R31:R30, R17:R16
   \   0000001C   8500               LDD     R16, Z+8
   \   0000001E   3F0F               CPI     R16, 255
   \   00000020   F0C1               BREQ    ??Exchange_4
    168                  {
    169                      // для текущего входа есть внешнее квитирование?
    170                      if (m_puiDiscreteInputs[m_pxDiscreteOutputDataBase -> ExternalReceiotAddress[i]])
   \   00000022   01FD               MOVW    R31:R30, R27:R26
   \   00000024   8903               LDD     R16, Z+19
   \   00000026   8914               LDD     R17, Z+20
   \   00000028   01FD               MOVW    R31:R30, R27:R26
   \   0000002A   8D41               LDD     R20, Z+25
   \   0000002C   8D52               LDD     R21, Z+26
   \   0000002E   E030               LDI     R19, 0
   \   00000030   0F42               ADD     R20, R18
   \   00000032   1F53               ADC     R21, R19
   \   00000034   01FA               MOVW    R31:R30, R21:R20
   \   00000036   8540               LDD     R20, Z+8
   \   00000038   E050               LDI     R21, 0
   \   0000003A   0F04               ADD     R16, R20
   \   0000003C   1F15               ADC     R17, R21
   \   0000003E   01F8               MOVW    R31:R30, R17:R16
   \   00000040   8100               LD      R16, Z
   \   00000042   2300               TST     R16
   \   00000044   F031               BREQ    ??Exchange_4
    171                      {
    172                          // установим квитирование для текущего входа.
    173                          uiExternalReceipt |= (1 << i);
   \   00000046   E001               LDI     R16, 1
   \   00000048   E010               LDI     R17, 0
   \   0000004A   2F42               MOV     R20, R18
   \   0000004C   ........           CALL    ?S_SHL_L02
   \   00000050   2A90               OR      R9, R16
    174                      }
    175                  }
    176              }
   \                     ??Exchange_4:
   \   00000052   9523               INC     R18
   \   00000054   CFDA               RJMP    ??Exchange_2
    177          
    178              uint8_t uiExternalReset = 0;
   \                     ??Exchange_3:
   \   00000056   2488               CLR     R8
    179              // цикл проверяет наличие внешнего сброса.
    180              for (uint8_t i = 0; i < MR_DISCRETE_OUTPUT_NUMBER; i++)
   \   00000058   E020               LDI     R18, 0
   \                     ??Exchange_5:
   \   0000005A   3028               CPI     R18, 8
   \   0000005C   F520               BRCC    ??Exchange_6
    181              {
    182                  // для текущего входа внешний сброс запрограммирован?
    183                  if (m_pxDiscreteOutputDataBase -> ExternalResetAddress[i] != 0xFF)
   \   0000005E   01FD               MOVW    R31:R30, R27:R26
   \   00000060   8D01               LDD     R16, Z+25
   \   00000062   8D12               LDD     R17, Z+26
   \   00000064   E030               LDI     R19, 0
   \   00000066   0F02               ADD     R16, R18
   \   00000068   1F13               ADC     R17, R19
   \   0000006A   01F8               MOVW    R31:R30, R17:R16
   \   0000006C   8900               LDD     R16, Z+16
   \   0000006E   3F0F               CPI     R16, 255
   \   00000070   F0C1               BREQ    ??Exchange_7
    184                  {
    185                      // для текущего входа есть внешний сброс?
    186                      if (m_puiDiscreteInputs[m_pxDiscreteOutputDataBase -> ExternalResetAddress[i]])
   \   00000072   01FD               MOVW    R31:R30, R27:R26
   \   00000074   8903               LDD     R16, Z+19
   \   00000076   8914               LDD     R17, Z+20
   \   00000078   01FD               MOVW    R31:R30, R27:R26
   \   0000007A   8D41               LDD     R20, Z+25
   \   0000007C   8D52               LDD     R21, Z+26
   \   0000007E   E030               LDI     R19, 0
   \   00000080   0F42               ADD     R20, R18
   \   00000082   1F53               ADC     R21, R19
   \   00000084   01FA               MOVW    R31:R30, R21:R20
   \   00000086   8940               LDD     R20, Z+16
   \   00000088   E050               LDI     R21, 0
   \   0000008A   0F04               ADD     R16, R20
   \   0000008C   1F15               ADC     R17, R21
   \   0000008E   01F8               MOVW    R31:R30, R17:R16
   \   00000090   8100               LD      R16, Z
   \   00000092   2300               TST     R16
   \   00000094   F031               BREQ    ??Exchange_7
    187                      {
    188                          // установим сброс для текущего входа.
    189                          uiExternalReset |= (1 << i);
   \   00000096   E001               LDI     R16, 1
   \   00000098   E010               LDI     R17, 0
   \   0000009A   2F42               MOV     R20, R18
   \   0000009C   ........           CALL    ?S_SHL_L02
   \   000000A0   2A80               OR      R8, R16
    190                      }
    191                  }
    192              }
   \                     ??Exchange_7:
   \   000000A2   9523               INC     R18
   \   000000A4   CFDA               RJMP    ??Exchange_5
    193          
    194              uint8_t uiLocalBou = 0;
   \                     ??Exchange_6:
   \   000000A6   2455               CLR     R5
    195              // есть квитирование Modbus?
    196              if (m_uiModbusReceipt)
   \   000000A8   01FD               MOVW    R31:R30, R27:R26
   \   000000AA   8103               LDD     R16, Z+3
   \   000000AC   2300               TST     R16
   \   000000AE   F029               BREQ    ??Exchange_8
    197              {
    198                  // сбросим флаг поступившей команды.
    199                  m_uiModbusReceipt = 0;
   \   000000B0   01FD               MOVW    R31:R30, R27:R26
   \   000000B2   E000               LDI     R16, 0
   \   000000B4   8303               STD     Z+3, R16
    200                  // установим флаг управления - квитирование Modbus.
    201                  uiLocalBou |= (1 << GLOBAL_KVIT_PC_BIT);
   \   000000B6   9468               SET
   \   000000B8   F850               BLD     R5, 0
    202              }
    203              // есть сброс Modbus?
    204              if (m_uiModbusReset)
   \                     ??Exchange_8:
   \   000000BA   01FD               MOVW    R31:R30, R27:R26
   \   000000BC   8104               LDD     R16, Z+4
   \   000000BE   2300               TST     R16
   \   000000C0   F029               BREQ    ??Exchange_9
    205              {
    206                  // сбросим флаг поступившей команды.
    207                  m_uiModbusReset = 0;
   \   000000C2   01FD               MOVW    R31:R30, R27:R26
   \   000000C4   E000               LDI     R16, 0
   \   000000C6   8304               STD     Z+4, R16
    208                  // установим флаг управления - сброс Modbus.
    209                  uiLocalBou |= (1 << GLOBAL_RESET_PC_BIT);
   \   000000C8   9468               SET
   \   000000CA   F851               BLD     R5, 1
    210              }
    211              // есть квитирование с кнопки центральной панели?
    212              if (m_uiReceipt)
   \                     ??Exchange_9:
   \   000000CC   01FD               MOVW    R31:R30, R27:R26
   \   000000CE   8101               LDD     R16, Z+1
   \   000000D0   2300               TST     R16
   \   000000D2   F029               BREQ    ??Exchange_10
    213              {
    214                  // сбросим флаг поступившей команды.
    215                  m_uiReceipt = 0;
   \   000000D4   01FD               MOVW    R31:R30, R27:R26
   \   000000D6   E000               LDI     R16, 0
   \   000000D8   8301               STD     Z+1, R16
    216                  // установим флаг управления - квитирование с центральной кнопки.
    217                  uiLocalBou |= (1 << GLOBAL_KVIT_BUTTON_BIT);
   \   000000DA   9468               SET
   \   000000DC   F852               BLD     R5, 2
    218              }
    219              // есть сброс с кнопки центральной панели?
    220              if (m_uiReset)
   \                     ??Exchange_10:
   \   000000DE   01FD               MOVW    R31:R30, R27:R26
   \   000000E0   8102               LDD     R16, Z+2
   \   000000E2   2300               TST     R16
   \   000000E4   F029               BREQ    ??Exchange_11
    221              {
    222                  // сбросим флаг поступившей команды.
    223                  m_uiReset = 0;
   \   000000E6   01FD               MOVW    R31:R30, R27:R26
   \   000000E8   E000               LDI     R16, 0
   \   000000EA   8302               STD     Z+2, R16
    224                  // установим флаг управления - сброс с центральной кнопки.
    225                  uiLocalBou |= (1 << GLOBAL_RESET_BUTTON_BIT);
   \   000000EC   9468               SET
   \   000000EE   F853               BLD     R5, 3
    226              }
    227          
    228              m_puiTxBuffer[0] = DATA_EXCHANGE_COMMAND;
   \                     ??Exchange_11:
   \   000000F0   01FD               MOVW    R31:R30, R27:R26
   \   000000F2   8901               LDD     R16, Z+17
   \   000000F4   8912               LDD     R17, Z+18
   \   000000F6   01F8               MOVW    R31:R30, R17:R16
   \   000000F8   E402               LDI     R16, 66
   \   000000FA   8300               ST      Z, R16
    229              uint8_t *puiDestination;
    230              puiDestination = &m_puiTxBuffer[DATA_BYTE_OFFSET];
   \   000000FC   01FD               MOVW    R31:R30, R27:R26
   \   000000FE   8901               LDD     R16, Z+17
   \   00000100   8912               LDD     R17, Z+18
   \   00000102   5F0E               SUBI    R16, 254
   \   00000104   4F1F               SBCI    R17, 255
   \   00000106   01C8               MOVW    R25:R24, R17:R16
    231              uint8_t uiData = 0;
   \   00000108   2444               CLR     R4
    232              // заполним требования включения для каждого реле.
    233              for (uint8_t i = 0; i < MR_DISCRETE_OUTPUT_NUMBER; i++)
   \   0000010A   E020               LDI     R18, 0
   \                     ??Exchange_12:
   \   0000010C   3028               CPI     R18, 8
   \   0000010E   F4A8               BRCC    ??Exchange_13
    234              {
    235                  if (m_pxDiscreteOutputControl[i].uiRelayActivationRequest)
   \   00000110   01FD               MOVW    R31:R30, R27:R26
   \   00000112   8907               LDD     R16, Z+23
   \   00000114   8D10               LDD     R17, Z+24
   \   00000116   2F42               MOV     R20, R18
   \   00000118   E050               LDI     R21, 0
   \   0000011A   0F44               LSL     R20
   \   0000011C   1F55               ROL     R21
   \   0000011E   0F04               ADD     R16, R20
   \   00000120   1F15               ADC     R17, R21
   \   00000122   01F8               MOVW    R31:R30, R17:R16
   \   00000124   8101               LDD     R16, Z+1
   \   00000126   2300               TST     R16
   \   00000128   F031               BREQ    ??Exchange_14
    236                  {
    237                      uiData |= (1 << i);
   \   0000012A   E001               LDI     R16, 1
   \   0000012C   E010               LDI     R17, 0
   \   0000012E   2F42               MOV     R20, R18
   \   00000130   ........           CALL    ?S_SHL_L02
   \   00000134   2A40               OR      R4, R16
    238                  }
    239              }
   \                     ??Exchange_14:
   \   00000136   9523               INC     R18
   \   00000138   CFE9               RJMP    ??Exchange_12
    240              *puiDestination++ = uiData;
   \                     ??Exchange_13:
   \   0000013A   01FC               MOVW    R31:R30, R25:R24
   \   0000013C   8240               ST      Z, R4
   \   0000013E   9601               ADIW    R25:R24, 1
    241          
    242              uiData = 0;
   \   00000140   2444               CLR     R4
    243              // заполним новые нарушения для каждого реле.
    244              for (uint8_t i = 0; i < MR_DISCRETE_OUTPUT_NUMBER; i++)
   \   00000142   E020               LDI     R18, 0
   \                     ??Exchange_15:
   \   00000144   3028               CPI     R18, 8
   \   00000146   F4A8               BRCC    ??Exchange_16
    245              {
    246                  if (m_pxDiscreteOutputControl[i].uiNewActivation)
   \   00000148   01FD               MOVW    R31:R30, R27:R26
   \   0000014A   8907               LDD     R16, Z+23
   \   0000014C   8D10               LDD     R17, Z+24
   \   0000014E   2F42               MOV     R20, R18
   \   00000150   E050               LDI     R21, 0
   \   00000152   0F44               LSL     R20
   \   00000154   1F55               ROL     R21
   \   00000156   0F04               ADD     R16, R20
   \   00000158   1F15               ADC     R17, R21
   \   0000015A   01F8               MOVW    R31:R30, R17:R16
   \   0000015C   8100               LD      R16, Z
   \   0000015E   2300               TST     R16
   \   00000160   F031               BREQ    ??Exchange_17
    247                  {
    248                      uiData |= (1 << i);
   \   00000162   E001               LDI     R16, 1
   \   00000164   E010               LDI     R17, 0
   \   00000166   2F42               MOV     R20, R18
   \   00000168   ........           CALL    ?S_SHL_L02
   \   0000016C   2A40               OR      R4, R16
    249                  }
    250              }
   \                     ??Exchange_17:
   \   0000016E   9523               INC     R18
   \   00000170   CFE9               RJMP    ??Exchange_15
    251              *puiDestination++ = uiData;
   \                     ??Exchange_16:
   \   00000172   01FC               MOVW    R31:R30, R25:R24
   \   00000174   8240               ST      Z, R4
   \   00000176   9601               ADIW    R25:R24, 1
    252          
    253              *puiDestination++ = uiExternalReceipt;
   \   00000178   01FC               MOVW    R31:R30, R25:R24
   \   0000017A   8290               ST      Z, R9
   \   0000017C   9601               ADIW    R25:R24, 1
    254              *puiDestination++ = uiExternalReset;
   \   0000017E   01FC               MOVW    R31:R30, R25:R24
   \   00000180   8280               ST      Z, R8
   \   00000182   9601               ADIW    R25:R24, 1
    255              *puiDestination++ = uiLocalBou;
   \   00000184   01FC               MOVW    R31:R30, R25:R24
   \   00000186   8250               ST      Z, R5
   \   00000188   9601               ADIW    R25:R24, 1
    256              uint16_t usData = usCrcSummTwoByteCalculation(&m_puiTxBuffer[DATA_BYTE_OFFSET],
    257                                DATA_EXCHANGE_COMMAND_ANSWER_LENGTH);
   \   0000018A   E025               LDI     R18, 5
   \   0000018C   E030               LDI     R19, 0
   \   0000018E   01FD               MOVW    R31:R30, R27:R26
   \   00000190   8901               LDD     R16, Z+17
   \   00000192   8912               LDD     R17, Z+18
   \   00000194   5F0E               SUBI    R16, 254
   \   00000196   4F1F               SBCI    R17, 255
   \   00000198   ........           CALL    ??usCrcSummTwoByteCalculation
   \   0000019C   0138               MOVW    R7:R6, R17:R16
    258              *puiDestination++ = (uint8_t)usData;
   \   0000019E   2D06               MOV     R16, R6
   \   000001A0   01FC               MOVW    R31:R30, R25:R24
   \   000001A2   8300               ST      Z, R16
   \   000001A4   9601               ADIW    R25:R24, 1
    259              *puiDestination++ = (uint8_t)(usData >> 8);
   \   000001A6   0183               MOVW    R17:R16, R7:R6
   \   000001A8   2F01               MOV     R16, R17
   \   000001AA   E010               LDI     R17, 0
   \   000001AC   01FC               MOVW    R31:R30, R25:R24
   \   000001AE   8300               ST      Z, R16
   \   000001B0   9601               ADIW    R25:R24, 1
    260              *puiDestination++ = DATA_EXCHANGE_OK;
   \   000001B2   01FC               MOVW    R31:R30, R25:R24
   \   000001B4   E70E               LDI     R16, 126
   \   000001B6   8300               ST      Z, R16
   \   000001B8   9601               ADIW    R25:R24, 1
    261          
    262              CPss21::ConnectDevice(m_uiAddress);
   \   000001BA   01FD               MOVW    R31:R30, R27:R26
   \   000001BC   8506               LDD     R16, Z+14
   \   000001BE   ........           CALL    ??ConnectDevice
    263              delay_us(500);
   \   000001C2   E60A               LDI     R16, 106
   \   000001C4   E013               LDI     R17, 3
   \   000001C6   5001               SUBI    R16, 1
   \   000001C8   4010               SBCI    R17, 0
   \   000001CA   F7E9               BRNE    $-4
   \   000001CC   C000               RJMP    $+2
   \   000001CE   0000               NOP
    264              CSpi::Exchange(m_puiRxBuffer,
    265                             m_puiTxBuffer,
    266                             (PRIAMBLE_LENGTH +
    267                              DATA_EXCHANGE_COMMAND_ANSWER_LENGTH +
    268                              TWO_BYTE_CRC_LENGTH +
    269                              DATA_EXCHANGE_OK_LENGTH));
   \   000001D0   E04A               LDI     R20, 10
   \   000001D2   E050               LDI     R21, 0
   \   000001D4   01FD               MOVW    R31:R30, R27:R26
   \   000001D6   8921               LDD     R18, Z+17
   \   000001D8   8932               LDD     R19, Z+18
   \   000001DA   01FD               MOVW    R31:R30, R27:R26
   \   000001DC   8507               LDD     R16, Z+15
   \   000001DE   8910               LDD     R17, Z+16
   \   000001E0   ........           CALL    ??Exchange_1
    270              CPss21::DisconnectDevice();
   \   000001E4   ........           CALL    ??DisconnectDevice
    271          
    272              // что ответил модуль?
    273              switch(m_puiRxBuffer[COMMAND_BYTE_OFFSET])
   \   000001E8   01FD               MOVW    R31:R30, R27:R26
   \   000001EA   8507               LDD     R16, Z+15
   \   000001EC   8910               LDD     R17, Z+16
   \   000001EE   01F8               MOVW    R31:R30, R17:R16
   \   000001F0   8101               LDD     R16, Z+1
   \   000001F2   5204               SUBI    R16, 36
   \   000001F4   F409               BRNE    $+2+2
   \   000001F6   C042               RJMP    ??Exchange_18
   \   000001F8   510E               SUBI    R16, 30
   \   000001FA   F009               BREQ    $+2+2
   \   000001FC   C041               RJMP    ??Exchange_19
    274              {
    275              case DATA_READY:
    276                  // данные не повреждены?
    277                  if (iCrcSummTwoByteCompare(&m_puiRxBuffer[DATA_BYTE_OFFSET],
    278                                             DATA_EXCHANGE_COMMAND_ANSWER_LENGTH) > 0)
   \   000001FE   E025               LDI     R18, 5
   \   00000200   E030               LDI     R19, 0
   \   00000202   01FD               MOVW    R31:R30, R27:R26
   \   00000204   8507               LDD     R16, Z+15
   \   00000206   8910               LDD     R17, Z+16
   \   00000208   5F0E               SUBI    R16, 254
   \   0000020A   4F1F               SBCI    R17, 255
   \   0000020C   ........           CALL    ??iCrcSummTwoByteCompare
   \   00000210   3001               CPI     R16, 1
   \   00000212   4010               SBCI    R17, 0
   \   00000214   F1AC               BRLT    ??Exchange_19
    279                  {
    280                      // есть подтверждение?
    281                      if (m_puiRxBuffer[DATA_BYTE_OFFSET +
    282                                        DATA_EXCHANGE_COMMAND_ANSWER_LENGTH +
    283                                        TWO_BYTE_CRC_LENGTH] == DATA_EXCHANGE_OK)
   \   00000216   01FD               MOVW    R31:R30, R27:R26
   \   00000218   8507               LDD     R16, Z+15
   \   0000021A   8910               LDD     R17, Z+16
   \   0000021C   01F8               MOVW    R31:R30, R17:R16
   \   0000021E   8501               LDD     R16, Z+9
   \   00000220   370E               CPI     R16, 126
   \   00000222   F571               BRNE    ??Exchange_19
    284                      {
    285                          // есть подтверждение.
    286                          m_uiBadAnswerCounter = 0;
   \   00000224   01FD               MOVW    R31:R30, R27:R26
   \   00000226   E000               LDI     R16, 0
   \   00000228   8F03               STD     Z+27, R16
    287          
    288                          uiData = (m_puiRxBuffer[DATA_BYTE_OFFSET]);
   \   0000022A   01FD               MOVW    R31:R30, R27:R26
   \   0000022C   8507               LDD     R16, Z+15
   \   0000022E   8910               LDD     R17, Z+16
   \   00000230   01F8               MOVW    R31:R30, R17:R16
   \   00000232   8102               LDD     R16, Z+2
   \   00000234   2E40               MOV     R4, R16
    289                          // отправим данные - состояние выходов модулей реле МР №1 – MP №8.
    290                          for (uint8_t i = 0; i < MR_DISCRETE_OUTPUT_NUMBER; i++)
   \   00000236   E020               LDI     R18, 0
   \                     ??Exchange_20:
   \   00000238   3028               CPI     R18, 8
   \   0000023A   F4F0               BRCC    ??Exchange_21
    291                          {
    292                              if (uiData & (1 << i))
   \   0000023C   E001               LDI     R16, 1
   \   0000023E   E010               LDI     R17, 0
   \   00000240   2F42               MOV     R20, R18
   \   00000242   ........           CALL    ?S_SHL_L02
   \   00000246   2D14               MOV     R17, R4
   \   00000248   2310               AND     R17, R16
   \   0000024A   2311               TST     R17
   \   0000024C   F051               BREQ    ??Exchange_22
    293                              {
    294                                  m_puiDiscreteOutputState[i] = 1;
   \   0000024E   01FD               MOVW    R31:R30, R27:R26
   \   00000250   8905               LDD     R16, Z+21
   \   00000252   8916               LDD     R17, Z+22
   \   00000254   E030               LDI     R19, 0
   \   00000256   0F02               ADD     R16, R18
   \   00000258   1F13               ADC     R17, R19
   \   0000025A   01F8               MOVW    R31:R30, R17:R16
   \   0000025C   E001               LDI     R16, 1
   \   0000025E   8300               ST      Z, R16
   \   00000260   C009               RJMP    ??Exchange_23
    295                              }
    296                              else
    297                              {
    298                                  m_puiDiscreteOutputState[i] = 0;
   \                     ??Exchange_22:
   \   00000262   01FD               MOVW    R31:R30, R27:R26
   \   00000264   8905               LDD     R16, Z+21
   \   00000266   8916               LDD     R17, Z+22
   \   00000268   E030               LDI     R19, 0
   \   0000026A   0F02               ADD     R16, R18
   \   0000026C   1F13               ADC     R17, R19
   \   0000026E   01F8               MOVW    R31:R30, R17:R16
   \   00000270   E000               LDI     R16, 0
   \   00000272   8300               ST      Z, R16
    299                              }
    300                          }
   \                     ??Exchange_23:
   \   00000274   9523               INC     R18
   \   00000276   CFE0               RJMP    ??Exchange_20
    301          
    302                          return 1;
   \                     ??Exchange_21:
   \   00000278   E001               LDI     R16, 1
   \   0000027A   C013               RJMP    ??Exchange_24
    303                      }
    304                  }
    305                  break;
    306          
    307              case DBASE_ERR:
    308                  return 0;
   \                     ??Exchange_18:
   \   0000027C   E000               LDI     R16, 0
   \   0000027E   C011               RJMP    ??Exchange_24
    309                  break;
    310          
    311              default:
    312                  break;
    313              };
    314          
    315              // модуль признан неисправным?
    316              if (m_uiBadAnswerCounter >= BAD_MODULE_CYCLE_COUNT_DEFAULT)
   \                     ??Exchange_19:
   \   00000280   01FD               MOVW    R31:R30, R27:R26
   \   00000282   8D03               LDD     R16, Z+27
   \   00000284   300A               CPI     R16, 10
   \   00000286   F040               BRCS    ??Exchange_25
    317              {
    318                  // модуль признан неисправным.
    319                  *m_puiErrorCode = OMD_ERROR;
   \   00000288   01FD               MOVW    R31:R30, R27:R26
   \   0000028A   8105               LDD     R16, Z+5
   \   0000028C   8116               LDD     R17, Z+6
   \   0000028E   01F8               MOVW    R31:R30, R17:R16
   \   00000290   E002               LDI     R16, 2
   \   00000292   8300               ST      Z, R16
    320                  return 0;
   \   00000294   E000               LDI     R16, 0
   \   00000296   C005               RJMP    ??Exchange_24
    321              }
    322              else
    323              {
    324                  // уменьшим значение счётчика - "количество сеансов связи с модулем без ответа".
    325                  m_uiBadAnswerCounter++;
   \                     ??Exchange_25:
   \   00000298   01FD               MOVW    R31:R30, R27:R26
   \   0000029A   8D03               LDD     R16, Z+27
   \   0000029C   9503               INC     R16
   \   0000029E   8F03               STD     Z+27, R16
    326              }
    327              return 0;
   \   000002A0   E000               LDI     R16, 0
   \                     ??Exchange_24:
   \   000002A2   E0EA               LDI     R30, 10
   \   000002A4   ........           JMP     ?EPILOGUE_B10_L09
    328          }
    329          
    330          //-----------------------------------------------------------------------------------------------------

   \                                 In  segment CODE, align 2, keep-with-next
    331          uint8_t CModuleMrXXDriver::DataExchange(void)
   \                     ??DataExchange:
    332          {
   \   00000000   939A               ST      -Y, R25
   \   00000002   938A               ST      -Y, R24
   \   00000004   01C8               MOVW    R25:R24, R17:R16
    333              switch (GetFsmState())
   \   00000006   018C               MOVW    R17:R16, R25:R24
   \   00000008   5F07               SUBI    R16, 247
   \   0000000A   4F1F               SBCI    R17, 255
   \   0000000C   ........           CALL    ??GetFsmState
   \   00000010   5000               SUBI    R16, 0
   \   00000012   F019               BREQ    ??DataExchange_1
   \   00000014   950A               DEC     R16
   \   00000016   F051               BREQ    ??DataExchange_2
   \   00000018   C00B               RJMP    ??DataExchange_3
    334              {
    335                  // при старте база данных записывается из прибора в модуль реле.
    336              case MRXX_FSM_STATE_WRITE_DATABASE:
    337                  WriteDataBase();
   \                     ??DataExchange_1:
   \   0000001A   018C               MOVW    R17:R16, R25:R24
   \   0000001C   ....               RCALL   ??WriteDataBase
    338                  // после, автомат переходит в режим - обмен данными с модулем(MRXX_FSM_STATE_TRANSFER).
    339                  SetFsmState(MRXX_FSM_STATE_TRANSFER);
   \   0000001E   E021               LDI     R18, 1
   \   00000020   018C               MOVW    R17:R16, R25:R24
   \   00000022   5F07               SUBI    R16, 247
   \   00000024   4F1F               SBCI    R17, 255
   \   00000026   ........           CALL    ??SetFsmState
    340                  break;
   \   0000002A   C002               RJMP    ??DataExchange_3
    341          
    342              case MRXX_FSM_STATE_TRANSFER:
    343                  Exchange();
   \                     ??DataExchange_2:
   \   0000002C   018C               MOVW    R17:R16, R25:R24
   \   0000002E   ....               RCALL   ??Exchange
    344                  break;
    345          
    346              default:
    347                  break;
    348              };
    349          }
                 ^
Warning[Pe940]: missing return statement at end of non-void function
          "CModuleMrXXDriver::DataExchange"
   \                     ??DataExchange_3:
   \   00000030   9189               LD      R24, Y+
   \   00000032   9199               LD      R25, Y+
   \   00000034   9508               RET

   \                                 In  segment CODE, align 2, keep-with-next
   \   __version_3 CModuleMrXX &CModuleMrXX::new CModuleMrXX()
   \                     `??new CModuleMrXX`:
   \   00000000   E00C               LDI     R16, 12
   \   00000002   E010               LDI     R17, 0
   \   00000004   ........           CALL    `??operator new`
   \   00000008   2F20               MOV     R18, R16
   \   0000000A   2B21               OR      R18, R17
   \   0000000C   F011               BREQ    `??new CModuleMrXX_1`
   \   0000000E   ....               RCALL   ??CModuleMrXX
   \   00000010   9508               RET
   \                     `??new CModuleMrXX_1`:
   \   00000012   E000               LDI     R16, 0
   \   00000014   E010               LDI     R17, 0
   \   00000016   9508               RET

   \                                 In  segment CODE, align 2, keep-with-next
   \   __version_3 CModuleMrXXDriver &CModuleMrXXDriver::new CModuleMrXXDriver(uint8_t)
   \                     `??new CModuleMrXXDriver`:
   \   00000000   938A               ST      -Y, R24
   \   00000002   2F80               MOV     R24, R16
   \   00000004   E10C               LDI     R16, 28
   \   00000006   E010               LDI     R17, 0
   \   00000008   ........           CALL    `??operator new`
   \   0000000C   2F20               MOV     R18, R16
   \   0000000E   2B21               OR      R18, R17
   \   00000010   F019               BREQ    `??new CModuleMrXXDriver_2`
   \   00000012   2F28               MOV     R18, R24
   \   00000014   ....               RCALL   ??CModuleMrXXDriver
   \   00000016   C002               RJMP    `??new CModuleMrXXDriver_3`
   \                     `??new CModuleMrXXDriver_2`:
   \   00000018   E000               LDI     R16, 0
   \   0000001A   E010               LDI     R17, 0
   \                     `??new CModuleMrXXDriver_3`:
   \   0000001C   9189               LD      R24, Y+
   \   0000001E   9508               RET

   \                                 In  segment CODE, align 2, keep-with-next
   \   __version_3 CModuleMrXXDriver &CModuleMrXXDriver::new CModuleMrXXDriver()
   \                     `??new CModuleMrXXDriver_1`:
   \   00000000   E10C               LDI     R16, 28
   \   00000002   E010               LDI     R17, 0
   \   00000004   ........           CALL    `??operator new`
   \   00000008   2F20               MOV     R18, R16
   \   0000000A   2B21               OR      R18, R17
   \   0000000C   F011               BREQ    `??new CModuleMrXXDriver_4`
   \   0000000E   ....               RCALL   ??CModuleMrXXDriver_1
   \   00000010   9508               RET
   \                     `??new CModuleMrXXDriver_4`:
   \   00000012   E000               LDI     R16, 0
   \   00000014   E010               LDI     R17, 0
   \   00000016   9508               RET

   \                                 In  segment CODE, align 2, keep-with-next
   \   __version_3 void CModuleMrXX::~CModuleMrXX for CDfaLite/-4/()
   \                     `?~CModuleMrXX for CDfaLite/-4/`:
   \   00000000   5004               SUBI    R16, 4
   \   00000002   4010               SBCI    R17, 0
   \   00000004   ....               RJMP    `?~CModuleMrXX`

   \                                 In  segment CODE, align 2, keep-with-next
   \   __version_3 void CModuleMrXXDriver::~CModuleMrXXDriver for CDfaLite/-9/()
   \                     `?~CModuleMrXXDriver for CDfaLite/-9/`:
   \   00000000   5009               SUBI    R16, 9
   \   00000002   4010               SBCI    R17, 0
   \   00000004   ....               RJMP    `?~CModuleMrXXDriver`

   Maximum stack usage in bytes:

   CSTACK RSTACK Function
   ------ ------ --------
      0      2   CDfaLite::GetFsmState()
      0      2   CDfaLite::SetFsmState(uint8_t)
      2      2   CModuleMrXX::CModuleMrXX()
        2      2   -> CDfa::CDfa()
      0      2   CModuleMrXX::new CModuleMrXX()
        0      2   -> CModuleMrXX::CModuleMrXX()
        0      2   -> operator new(unsigned int)
      0      2   CModuleMrXX::~CModuleMrXX for CDfaLite/-4/()
        0      2   -> CModuleMrXX::~CModuleMrXX()
      4      2   CModuleMrXX::~CModuleMrXX()
        4      2   -> CDfa::~CDfa()
        4      2   -> operator delete(void *)
      0      2   CModuleMrXXDriver::Allocate(TMemoryAllocationConext &)
        0      2 ?S_EC_MUL_L02
      2      2   CModuleMrXXDriver::CModuleMrXXDriver()
        2      2   -> CDfa::CDfa()
      4      2   CModuleMrXXDriver::CModuleMrXXDriver(uint8_t)
        4      2   -> CDfa::CDfa()
        4      2   -> CDfaLite::SetFsmState(uint8_t)
      2      2   CModuleMrXXDriver::DataExchange()
        2      2   -> CDfaLite::GetFsmState()
        2      2   -> CDfaLite::SetFsmState(uint8_t)
        2      2   -> CModuleMrXXDriver::Exchange()
        2      2   -> CModuleMrXXDriver::WriteDataBase()
     10      2   CModuleMrXXDriver::Exchange()
       10      2   -> CPss21::ConnectDevice(uint8_t)
       10      2   -> CPss21::DisconnectDevice()
       10      2   -> CSpi::Exchange(uint8_t *, uint8_t *, uint16_t)
       10      2   -> iCrcSummTwoByteCompare(unsigned char *, unsigned int)
       10      2   -> usCrcSummTwoByteCalculation(unsigned char *, unsigned int)
       10      2 ?S_SHL_L02
      6      2   CModuleMrXXDriver::WriteDataBase()
        6      2   -> CPss21::ConnectDevice(uint8_t)
        6      2   -> CPss21::DisconnectDevice()
        6      2   -> CSpi::Exchange(uint8_t *, uint8_t *, uint16_t)
        6      2   -> usCrcSummTwoByteCalculation(unsigned char *, unsigned int)
      0      2   CModuleMrXXDriver::new CModuleMrXXDriver()
        0      2   -> CModuleMrXXDriver::CModuleMrXXDriver()
        0      2   -> operator new(unsigned int)
      1      2   CModuleMrXXDriver::new CModuleMrXXDriver(uint8_t)
        1      2   -> CModuleMrXXDriver::CModuleMrXXDriver(uint8_t)
        1      2   -> operator new(unsigned int)
      0      2   CModuleMrXXDriver::~CModuleMrXXDriver for CDfaLite/-9/()
        0      2   -> CModuleMrXXDriver::~CModuleMrXXDriver()
      4      2   CModuleMrXXDriver::~CModuleMrXXDriver()
        4      2   -> CDfa::~CDfa()
        4      2   -> operator delete(void *)


   Segment part sizes:

   Bytes  Function/Label
   -----  --------------
       6  CDfaLite::GetFsmState()
       6  CDfaLite::SetFsmState(uint8_t)
      44  CModuleMrXX::CModuleMrXX()
      24  CModuleMrXX::new CModuleMrXX()
       6  CModuleMrXX::~CModuleMrXX for CDfaLite/-4/()
      44  CModuleMrXX::~CModuleMrXX()
     166  CModuleMrXXDriver::Allocate(TMemoryAllocationConext &)
      44  CModuleMrXXDriver::CModuleMrXXDriver()
      60  CModuleMrXXDriver::CModuleMrXXDriver(uint8_t)
      54  CModuleMrXXDriver::DataExchange()
     680  CModuleMrXXDriver::Exchange()
     194  CModuleMrXXDriver::WriteDataBase()
      24  CModuleMrXXDriver::new CModuleMrXXDriver()
      32  CModuleMrXXDriver::new CModuleMrXXDriver(uint8_t)
       6  CModuleMrXXDriver::~CModuleMrXXDriver for CDfaLite/-9/()
      44  CModuleMrXXDriver::~CModuleMrXXDriver()
       1  _A_ACSR
       2  _A_ADC
       1  _A_ADCSRA
       1  _A_ADMUX
       1  _A_ASSR
       1  _A_DDRA
       1  _A_DDRB
       1  _A_DDRC
       1  _A_DDRD
       1  _A_DDRE
       1  _A_DDRF
       1  _A_DDRG
       2  _A_EEAR
       1  _A_EECR
       1  _A_EEDR
       1  _A_EICRA
       1  _A_EICRB
       1  _A_EIFR
       1  _A_EIMSK
       1  _A_ETIFR
       1  _A_ETIMSK
       2  _A_ICR1
       2  _A_ICR3
       1  _A_MCUCR
       1  _A_MCUCSR
       1  _A_OCDR
       1  _A_OCR0
       2  _A_OCR1A
       2  _A_OCR1B
       2  _A_OCR1C
       1  _A_OCR2
       2  _A_OCR3A
       2  _A_OCR3B
       2  _A_OCR3C
       1  _A_OSCCAL
       1  _A_PINA
       1  _A_PINB
       1  _A_PINC
       1  _A_PIND
       1  _A_PINE
       1  _A_PINF
       1  _A_PING
       1  _A_PORTA
       1  _A_PORTB
       1  _A_PORTC
       1  _A_PORTD
       1  _A_PORTE
       1  _A_PORTF
       1  _A_PORTG
       1  _A_RAMPZ
       1  _A_SFIOR
       2  _A_SP
       1  _A_SPCR
       1  _A_SPDR
       1  _A_SPMCSR
       1  _A_SPSR
       1  _A_SREG
       1  _A_TCCR0
       1  _A_TCCR1A
       1  _A_TCCR1B
       1  _A_TCCR1C
       1  _A_TCCR2
       1  _A_TCCR3A
       1  _A_TCCR3B
       1  _A_TCCR3C
       1  _A_TCNT0
       2  _A_TCNT1
       1  _A_TCNT2
       2  _A_TCNT3
       1  _A_TIFR
       1  _A_TIMSK
       1  _A_TWAR
       1  _A_TWBR
       1  _A_TWCR
       1  _A_TWDR
       1  _A_TWSR
       1  _A_UBRR0H
       1  _A_UBRR0L
       1  _A_UBRR1H
       1  _A_UBRR1L
       1  _A_UCSR0A
       1  _A_UCSR0B
       1  _A_UCSR0C
       1  _A_UCSR1A
       1  _A_UCSR1B
       1  _A_UCSR1C
       1  _A_UDR0
       1  _A_UDR1
       1  _A_WDTCR
       1  _A_XDIV
       1  _A_XMCRA
       1  _A_XMCRB
      52  -- Other

 
   105 bytes in segment ABSOLUTE
 1 434 bytes in segment CODE
    52 bytes in segment NEAR_F
 
 1 466 bytes of CODE memory (+  20 bytes shared)
     0 bytes of DATA memory (+ 105 bytes shared)

Errors: none
Warnings: 3
